#
# There is insufficient memory for the Java Runtime Environment to continue.
# Native memory allocation (mmap) failed to map 132120576 bytes for G1 virtual space
# Possible reasons:
#   The system is out of physical RAM or swap space
#   The process is running with CompressedOops enabled, and the Java Heap may be blocking the growth of the native heap
# Possible solutions:
#   Reduce memory load on the system
#   Increase physical memory or swap space
#   Check if swap backing store is full
#   Decrease Java heap size (-Xmx/-Xms)
#   Decrease number of Java threads
#   Decrease Java thread stack sizes (-Xss)
#   Set larger code cache with -XX:ReservedCodeCacheSize=
#   JVM is running with Unscaled Compressed Oops mode in which the Java heap is
#     placed in the first 4GB address space. The Java Heap base address is the
#     maximum limit for the native heap growth. Please use -XX:HeapBaseMinAddress
#     to set the Java Heap base and to place the Java Heap above 4GB virtual address.
# This output file may be truncated or incomplete.
#
#  Out of Memory Error (os_windows.cpp:3550), pid=56236, tid=99416
#
# JRE version:  (17.0.8+9) (build )
# Java VM: Java HotSpot(TM) 64-Bit Server VM (17.0.8+9-LTS-jvmci-23.0-b14, mixed mode, sharing, tiered, jvmci, jvmci compiler, compressed oops, compressed class ptrs, g1 gc, windows-amd64)
# No core dump will be written. Minidumps are not enabled by default on client versions of Windows
#

---------------  S U M M A R Y ------------

Command Line: -XX:ThreadPriorityPolicy=1 -XX:+UnlockExperimentalVMOptions -XX:+EnableJVMCIProduct -XX:-UnlockExperimentalVMOptions -Dmaven.multiModuleProjectDirectory=C:\Users\Acer\Downloads\wedding\wedding org.apache.maven.wrapper.MavenWrapperMain compile quarkus:dev

Host: 11th Gen Intel(R) Core(TM) i5-1135G7 @ 2.40GHz, 8 cores, 7G,  Windows 11 , 64 bit Build 22000 (10.0.22000.2538)
Time: Tue Dec  5 23:11:29 2023 SE Asia Standard Time elapsed time: 0.011897 seconds (0d 0h 0m 0s)

---------------  T H R E A D  ---------------

Current thread (0x000001cdda3522c0):  JavaThread "Unknown thread" [_thread_in_vm, id=99416, stack(0x000000c5c0e00000,0x000000c5c0f00000)]

Stack: [0x000000c5c0e00000,0x000000c5c0f00000]
Native frames: (J=compiled Java code, j=interpreted, Vv=VM code, C=native code)
V  [jvm.dll+0x66d49a]
V  [jvm.dll+0x7cdfee]
V  [jvm.dll+0x7cf93e]
V  [jvm.dll+0x7cfff3]
V  [jvm.dll+0x245e0f]
V  [jvm.dll+0x66a349]
V  [jvm.dll+0x65ec82]
V  [jvm.dll+0x3035a6]
V  [jvm.dll+0x30ab26]
V  [jvm.dll+0x35a36e]
V  [jvm.dll+0x35a59f]
V  [jvm.dll+0x2da7b8]
V  [jvm.dll+0x2db724]
V  [jvm.dll+0x79fef1]
V  [jvm.dll+0x367f21]
V  [jvm.dll+0x77f109]
V  [jvm.dll+0x3eb42f]
V  [jvm.dll+0x3eceb1]
C  [jli.dll+0x5297]
C  [ucrtbase.dll+0x26c0c]
C  [KERNEL32.DLL+0x153e0]
C  [ntdll.dll+0x485b]


---------------  P R O C E S S  ---------------

Threads class SMR info:
_java_thread_list=0x00007ff97a5cdad8, length=0, elements={
}

Java Threads: ( => current thread )

Other Threads:
  0x000001cdda3aca50 GCTaskThread "GC Thread#0" [stack: 0x000000c5c0f00000,0x000000c5c1000000] [id=84032]
  0x000001cdda3be1e0 ConcurrentGCThread "G1 Main Marker" [stack: 0x000000c5c1000000,0x000000c5c1100000] [id=107120]
  0x000001cdda3beaf0 ConcurrentGCThread "G1 Conc#0" [stack: 0x000000c5c1100000,0x000000c5c1200000] [id=73424]

[error occurred during error reporting (printing all threads), id 0xc0000005, EXCEPTION_ACCESS_VIOLATION (0xc0000005) at pc=0x00007ff979e0b417]

VM state: not at safepoint (not fully initialized)

VM Mutex/Monitor currently owned by a thread:  ([mutex/lock_event])
[0x000001cdda34e180] Heap_lock - owner thread: 0x000001cdda3522c0

Heap address: 0x0000000083600000, size: 1994 MB, Compressed Oops mode: 32-bit

CDS archive(s) mapped at: [0x0000000000000000-0x0000000000000000-0x0000000000000000), size 0, SharedBaseAddress: 0x0000000800000000, ArchiveRelocationMode: 1.
Narrow klass base: 0x0000000000000000, Narrow klass shift: 0, Narrow klass range: 0x0

GC Precious Log:
<Empty>

Heap:
 garbage-first heap   total 0K, used 0K [0x0000000083600000, 0x0000000100000000)
  region size 1024K, 0 young (0K), 0 survivors (0K)

[error occurred during error reporting (printing heap information), id 0xc0000005, EXCEPTION_ACCESS_VIOLATION (0xc0000005) at pc=0x00007ff97a1e6c19]

GC Heap History (0 events):
No events

Deoptimization events (0 events):
No events

Classes unloaded (0 events):
No events

Classes redefined (0 events):
No events

Internal exceptions (0 events):
No events

VM Operations (0 events):
No events

Events (1 events):
Event: 0.006 Loaded shared library C:\Program Files\Java\graalvm-jdk-17.0.8+9.1\bin\java.dll


Dynamic libraries:
0x00007ff782480000 - 0x00007ff782490000 	C:\Program Files\Java\graalvm-jdk-17.0.8+9.1\bin\java.exe
0x00007ff9f2e80000 - 0x00007ff9f3089000 	C:\Windows\SYSTEM32\ntdll.dll
0x00007ff9f2770000 - 0x00007ff9f282d000 	C:\Windows\System32\KERNEL32.DLL
0x00007ff9f06a0000 - 0x00007ff9f0a24000 	C:\Windows\System32\KERNELBASE.dll
0x00007ff9f0310000 - 0x00007ff9f0421000 	C:\Windows\System32\ucrtbase.dll
0x00007ff9d5c40000 - 0x00007ff9d5c5b000 	C:\Program Files\Java\graalvm-jdk-17.0.8+9.1\bin\VCRUNTIME140.dll
0x00007ff9d96b0000 - 0x00007ff9d96c9000 	C:\Program Files\Java\graalvm-jdk-17.0.8+9.1\bin\jli.dll
0x00007ff9f0cd0000 - 0x00007ff9f0d7e000 	C:\Windows\System32\ADVAPI32.dll
0x00007ff9f1920000 - 0x00007ff9f19c3000 	C:\Windows\System32\msvcrt.dll
0x00007ff9f11c0000 - 0x00007ff9f125e000 	C:\Windows\System32\sechost.dll
0x00007ff9f2b80000 - 0x00007ff9f2ca1000 	C:\Windows\System32\RPCRT4.dll
0x00007ff9f2590000 - 0x00007ff9f273d000 	C:\Windows\System32\USER32.dll
0x00007ff9f05f0000 - 0x00007ff9f0616000 	C:\Windows\System32\win32u.dll
0x00007ff9cd6a0000 - 0x00007ff9cd945000 	C:\Windows\WinSxS\amd64_microsoft.windows.common-controls_6595b64144ccf1df_6.0.22000.120_none_9d947278b86cc467\COMCTL32.dll
0x00007ff9f2740000 - 0x00007ff9f276a000 	C:\Windows\System32\GDI32.dll
0x00007ff9f0430000 - 0x00007ff9f054e000 	C:\Windows\System32\gdi32full.dll
0x00007ff9f0550000 - 0x00007ff9f05ed000 	C:\Windows\System32\msvcp_win.dll
0x00007ff9e7940000 - 0x00007ff9e794a000 	C:\Windows\SYSTEM32\VERSION.dll
0x00007ff9f0d80000 - 0x00007ff9f0db1000 	C:\Windows\System32\IMM32.DLL
0x00007ff9e2720000 - 0x00007ff9e272c000 	C:\Program Files\Java\graalvm-jdk-17.0.8+9.1\bin\vcruntime140_1.dll
0x00007ff9ac4b0000 - 0x00007ff9ac53e000 	C:\Program Files\Java\graalvm-jdk-17.0.8+9.1\bin\msvcp140.dll
0x00007ff979b20000 - 0x00007ff97a6f5000 	C:\Program Files\Java\graalvm-jdk-17.0.8+9.1\bin\server\jvm.dll
0x00007ff9f2580000 - 0x00007ff9f2588000 	C:\Windows\System32\PSAPI.DLL
0x00007ff9e58c0000 - 0x00007ff9e58c9000 	C:\Windows\SYSTEM32\WSOCK32.dll
0x00007ff9e8e70000 - 0x00007ff9e8ea3000 	C:\Windows\SYSTEM32\WINMM.dll
0x00007ff9f1b10000 - 0x00007ff9f1b7f000 	C:\Windows\System32\WS2_32.dll
0x00007ff9ef3f0000 - 0x00007ff9ef408000 	C:\Windows\SYSTEM32\kernel.appcore.dll
0x00007ff9e2520000 - 0x00007ff9e252a000 	C:\Program Files\Java\graalvm-jdk-17.0.8+9.1\bin\jimage.dll
0x00007ff9ed780000 - 0x00007ff9ed9a1000 	C:\Windows\SYSTEM32\DBGHELP.DLL
0x00007ff9d4df0000 - 0x00007ff9d4e21000 	C:\Windows\SYSTEM32\dbgcore.DLL
0x00007ff9f0620000 - 0x00007ff9f069f000 	C:\Windows\System32\bcryptPrimitives.dll
0x00007ff9d5c10000 - 0x00007ff9d5c35000 	C:\Program Files\Java\graalvm-jdk-17.0.8+9.1\bin\java.dll

dbghelp: loaded successfully - version: 4.0.5 - missing functions: none
symbol engine: initialized successfully - sym options: 0x614 - pdb path: .;C:\Program Files\Java\graalvm-jdk-17.0.8+9.1\bin;C:\Windows\SYSTEM32;C:\Windows\WinSxS\amd64_microsoft.windows.common-controls_6595b64144ccf1df_6.0.22000.120_none_9d947278b86cc467;C:\Program Files\Java\graalvm-jdk-17.0.8+9.1\bin\server

VM Arguments:
jvm_args: -XX:ThreadPriorityPolicy=1 -XX:+UnlockExperimentalVMOptions -XX:+EnableJVMCIProduct -XX:-UnlockExperimentalVMOptions -Dmaven.multiModuleProjectDirectory=C:\Users\Acer\Downloads\wedding\wedding 
java_command: org.apache.maven.wrapper.MavenWrapperMain compile quarkus:dev
java_class_path (initial): C:\Users\Acer\Downloads\wedding\wedding\.mvn\wrapper\maven-wrapper.jar
Launcher Type: SUN_STANDARD

[Global flags]
     intx CICompilerCount                          = 4                                         {product} {ergonomic}
     uint ConcGCThreads                            = 2                                         {product} {ergonomic}
     bool EnableJVMCIProduct                       = true                                {JVMCI product} {jimage}
     uint G1ConcRefinementThreads                  = 8                                         {product} {ergonomic}
   size_t G1HeapRegionSize                         = 1048576                                   {product} {ergonomic}
    uintx GCDrainStackTargetSize                   = 64                                        {product} {ergonomic}
   size_t InitialHeapSize                          = 132120576                                 {product} {ergonomic}
   size_t MarkStackSize                            = 4194304                                   {product} {ergonomic}
   size_t MaxHeapSize                              = 2090860544                                {product} {ergonomic}
   size_t MinHeapDeltaBytes                        = 1048576                                   {product} {ergonomic}
   size_t MinHeapSize                              = 8388608                                   {product} {ergonomic}
    uintx NonNMethodCodeHeapSize                   = 6979620                                {pd product} {ergonomic}
    uintx NonProfiledCodeHeapSize                  = 122339310                              {pd product} {ergonomic}
    uintx ProfiledCodeHeapSize                     = 122339310                              {pd product} {ergonomic}
    uintx ReservedCodeCacheSize                    = 251658240                              {pd product} {ergonomic}
     bool SegmentedCodeCache                       = true                                      {product} {ergonomic}
   size_t SoftMaxHeapSize                          = 2090860544                             {manageable} {ergonomic}
     intx ThreadPriorityPolicy                     = 1                                         {product} {jimage}
     bool UseCompressedClassPointers               = true                           {product lp64_product} {ergonomic}
     bool UseCompressedOops                        = true                           {product lp64_product} {ergonomic}
     bool UseG1GC                                  = true                                      {product} {ergonomic}
     bool UseLargePagesIndividualAllocation        = false                                  {pd product} {ergonomic}

Logging:
Log output configuration:
 #0: stdout all=warning uptime,level,tags
 #1: stderr all=off uptime,level,tags

Environment Variables:
JAVA_HOME=C:\Program Files\Java\graalvm-jdk-17.0.8+9.1
PATH=C:\Progra~1\Java\<graalvm>\bin;C:\Program Files\Common Files\Oracle\Java\javapath;C:\Windows\system32;C:\Windows;C:\Windows\System32\Wbem;C:\Windows\System32\WindowsPowerShell\v1.0\;C:\Windows\System32\OpenSSH\;C:\Program Files\Azure Data Studio\bin;C:\Program Files\Git\cmd;C:\Program Files\Docker\Docker\resources\bin;C:\Program Files\nodejs\;C:\Program Files\Java\jdk-11.0.17\bin;H:\1. Set Up File\apache-maven-3.9.2\bin;C:\Users\Acer\AppData\Local\Programs\Python\Python311\Scripts\;C:\Users\Acer\AppData\Local\Programs\Python\Python311\;C:\Users\Acer\AppData\Local\Microsoft\WindowsApps;C:\Program Files\heroku\bin;C:\Program Files\JetBrains\IntelliJ IDEA Community Edition 2022.3.3\bin;C:\Users\Acer\AppData\Roaming\npm;C:\Users\Acer\AppData\Local\Programs\Microsoft VS Code\bin;C:\Program Files\Java\graalvm-jdk-17.0.8+9.1\bin;C:\Users\Acer\AppData\Local\Programs\Python\Python311\Scripts\;C:\Users\Acer\AppData\Local\Programs\Python\Python311\;C:\Users\Acer\AppData\Local\Microsoft\WindowsApps;;C:\Program Files\Azure Data Studio\bin;C:\Program Files\heroku\bin;C:\Program Files\JetBrains\IntelliJ IDEA Community Edition 2022.3.3\bin;;C:\Users\Acer\AppData\Roaming\npm;C:\Users\Acer\AppData\Local\Programs\Microsoft VS Code\bin
USERNAME=Acer
OS=Windows_NT
PROCESSOR_IDENTIFIER=Intel64 Family 6 Model 140 Stepping 1, GenuineIntel



---------------  S Y S T E M  ---------------

OS:
 Windows 11 , 64 bit Build 22000 (10.0.22000.2538)
OS uptime: 16 days 2:21 hours
Hyper-V role detected

CPU: total 8 (initial active 8) (4 cores per cpu, 2 threads per core) family 6 model 140 stepping 1 microcode 0x8a, cx8, cmov, fxsr, ht, mmx, 3dnowpref, sse, sse2, sse3, ssse3, sse4.1, sse4.2, popcnt, lzcnt, tsc, tscinvbit, avx, avx2, aes, erms, clmul, bmi1, bmi2, adx, avx512f, avx512dq, avx512cd, avx512bw, avx512vl, sha, fma, vzeroupper, avx512_vpopcntdq, avx512_vpclmulqdq, avx512_vaes, avx512_vnni, clflush, clflushopt, clwb, avx512_vbmi2, avx512_vbmi, hv

Memory: 4k page, system-wide physical 7975M (185M free)
TotalPageFile size 32551M (AvailPageFile size 114M)
current process WorkingSet (physical memory assigned to process): 10M, peak: 10M
current process commit charge ("private bytes"): 60M, peak: 186M

vm_info: Java HotSpot(TM) 64-Bit Server VM (17.0.8+9-LTS-jvmci-23.0-b14) for windows-amd64 JRE (17.0.8+9-LTS-jvmci-23.0-b14), built on Jun 27 2023 11:33:59 by "" with MS VC++ 17.1 (VS2022)

END.
