#
# There is insufficient memory for the Java Runtime Environment to continue.
# Native memory allocation (mmap) failed to map 171966464 bytes for G1 virtual space
# Possible reasons:
#   The system is out of physical RAM or swap space
#   The process is running with CompressedOops enabled, and the Java Heap may be blocking the growth of the native heap
# Possible solutions:
#   Reduce memory load on the system
#   Increase physical memory or swap space
#   Check if swap backing store is full
#   Decrease Java heap size (-Xmx/-Xms)
#   Decrease number of Java threads
#   Decrease Java thread stack sizes (-Xss)
#   Set larger code cache with -XX:ReservedCodeCacheSize=
#   JVM is running with Unscaled Compressed Oops mode in which the Java heap is
#     placed in the first 4GB address space. The Java Heap base address is the
#     maximum limit for the native heap growth. Please use -XX:HeapBaseMinAddress
#     to set the Java Heap base and to place the Java Heap above 4GB virtual address.
# This output file may be truncated or incomplete.
#
#  Out of Memory Error (os_windows.cpp:3550), pid=107480, tid=96612
#
# JRE version: Java(TM) SE Runtime Environment Oracle GraalVM 17.0.8+9.1 (17.0.8+9) (build 17.0.8+9-LTS-jvmci-23.0-b14)
# Java VM: Java HotSpot(TM) 64-Bit Server VM Oracle GraalVM 17.0.8+9.1 (17.0.8+9-LTS-jvmci-23.0-b14, mixed mode, sharing, tiered, jvmci, jvmci compiler, compressed oops, compressed class ptrs, g1 gc, windows-amd64)
# No core dump will be written. Minidumps are not enabled by default on client versions of Windows
#

---------------  S U M M A R Y ------------

Command Line: -XX:ThreadPriorityPolicy=1 -XX:+UnlockExperimentalVMOptions -XX:+EnableJVMCIProduct -XX:-UnlockExperimentalVMOptions -Dmaven.multiModuleProjectDirectory=C:\Users\Acer\Downloads\wedding\wedding org.apache.maven.wrapper.MavenWrapperMain compile quarkus:dev

Host: 11th Gen Intel(R) Core(TM) i5-1135G7 @ 2.40GHz, 8 cores, 7G,  Windows 11 , 64 bit Build 22000 (10.0.22000.2538)
Time: Tue Dec  5 23:12:29 2023 SE Asia Standard Time elapsed time: 7.835427 seconds (0d 0h 0m 7s)

---------------  T H R E A D  ---------------

Current thread (0x0000028138cbfee0):  VMThread "VM Thread" [stack: 0x000000a38d200000,0x000000a38d300000] [id=96612]

Stack: [0x000000a38d200000,0x000000a38d300000]
Native frames: (J=compiled Java code, j=interpreted, Vv=VM code, C=native code)
V  [jvm.dll+0x66d49a]
V  [jvm.dll+0x7cdfee]
V  [jvm.dll+0x7cf93e]
V  [jvm.dll+0x7cfff3]
V  [jvm.dll+0x245e0f]
V  [jvm.dll+0x66a349]
V  [jvm.dll+0x65ec82]
V  [jvm.dll+0x3035a6]
V  [jvm.dll+0x30ab26]
V  [jvm.dll+0x35a36e]
V  [jvm.dll+0x35a59f]
V  [jvm.dll+0x2da7b8]
V  [jvm.dll+0x2d8bc5]
V  [jvm.dll+0x2d81cc]
V  [jvm.dll+0x31bbc1]
V  [jvm.dll+0x7d47fb]
V  [jvm.dll+0x7d5544]
V  [jvm.dll+0x7d5a5d]
V  [jvm.dll+0x7d5e34]
V  [jvm.dll+0x7d5f00]
V  [jvm.dll+0x77e34a]
V  [jvm.dll+0x66c2c5]
C  [ucrtbase.dll+0x26c0c]
C  [KERNEL32.DLL+0x153e0]
C  [ntdll.dll+0x485b]

VM_Operation (0x000000a38ccfc038): G1TryInitiateConcMark, mode: safepoint, requested by thread 0x00000281182d23f0


---------------  P R O C E S S  ---------------

Threads class SMR info:
_java_thread_list=0x000002817e03ceb0, length=14, elements={
0x00000281182d23f0, 0x0000028138cc3970, 0x0000028138cc5540, 0x0000028138ce12c0,
0x0000028138ce1c80, 0x0000028138ce2640, 0x0000028138ce5010, 0x0000028138cf12c0,
0x0000028138cf1d70, 0x0000028138cf2770, 0x0000028138caf960, 0x000002817e106310,
0x0000028100913010, 0x000002810013b2c0
}

Java Threads: ( => current thread )
  0x00000281182d23f0 JavaThread "main" [_thread_blocked, id=87688, stack(0x000000a38cc00000,0x000000a38cd00000)]
  0x0000028138cc3970 JavaThread "Reference Handler" daemon [_thread_blocked, id=56816, stack(0x000000a38d300000,0x000000a38d400000)]
  0x0000028138cc5540 JavaThread "Finalizer" daemon [_thread_blocked, id=88980, stack(0x000000a38d400000,0x000000a38d500000)]
  0x0000028138ce12c0 JavaThread "Signal Dispatcher" daemon [_thread_blocked, id=948, stack(0x000000a38d500000,0x000000a38d600000)]
  0x0000028138ce1c80 JavaThread "Attach Listener" daemon [_thread_blocked, id=104252, stack(0x000000a38d600000,0x000000a38d700000)]
  0x0000028138ce2640 JavaThread "Service Thread" daemon [_thread_blocked, id=57536, stack(0x000000a38d700000,0x000000a38d800000)]
  0x0000028138ce5010 JavaThread "Monitor Deflation Thread" daemon [_thread_blocked, id=85484, stack(0x000000a38d800000,0x000000a38d900000)]
  0x0000028138cf12c0 JavaThread "JVMCI-native CompilerThread0" daemon [_thread_blocked, id=74336, stack(0x000000a38d900000,0x000000a38da00000)]
  0x0000028138cf1d70 JavaThread "C1 CompilerThread0" daemon [_thread_blocked, id=96856, stack(0x000000a38da00000,0x000000a38db00000)]
  0x0000028138cf2770 JavaThread "Sweeper thread" daemon [_thread_blocked, id=93568, stack(0x000000a38db00000,0x000000a38dc00000)]
  0x0000028138caf960 JavaThread "Common-Cleaner" daemon [_thread_blocked, id=96772, stack(0x000000a38dc00000,0x000000a38dd00000)]
  0x000002817e106310 JavaThread "Notification Thread" daemon [_thread_blocked, id=107200, stack(0x000000a38df00000,0x000000a38e000000)]
  0x0000028100913010 JavaThread "C1 CompilerThread1" daemon [_thread_blocked, id=7564, stack(0x000000a38dd00000,0x000000a38de00000)]
  0x000002810013b2c0 JavaThread "C1 CompilerThread2" daemon [_thread_blocked, id=94740, stack(0x000000a38e800000,0x000000a38e900000)]

Other Threads:
=>0x0000028138cbfee0 VMThread "VM Thread" [stack: 0x000000a38d200000,0x000000a38d300000] [id=96612]
  0x000002817e110280 WatcherThread [stack: 0x000000a38e000000,0x000000a38e100000] [id=104888]
  0x000002811832c170 GCTaskThread "GC Thread#0" [stack: 0x000000a38cd00000,0x000000a38ce00000] [id=75056]
  0x0000028100642a10 GCTaskThread "GC Thread#1" [stack: 0x000000a38e100000,0x000000a38e200000] [id=96520]
  0x0000028100642cc0 GCTaskThread "GC Thread#2" [stack: 0x000000a38e200000,0x000000a38e300000] [id=100584]
  0x00000281005fd240 GCTaskThread "GC Thread#3" [stack: 0x000000a38e300000,0x000000a38e400000] [id=79228]
  0x0000028100680290 GCTaskThread "GC Thread#4" [stack: 0x000000a38e400000,0x000000a38e500000] [id=95520]
  0x0000028100680540 GCTaskThread "GC Thread#5" [stack: 0x000000a38e500000,0x000000a38e600000] [id=77920]
  0x0000028100642f70 GCTaskThread "GC Thread#6" [stack: 0x000000a38e600000,0x000000a38e700000] [id=99280]
  0x0000028100643220 GCTaskThread "GC Thread#7" [stack: 0x000000a38e700000,0x000000a38e800000] [id=107124]
  0x000002811833da00 ConcurrentGCThread "G1 Main Marker" [stack: 0x000000a38ce00000,0x000000a38cf00000] [id=107388]
  0x000002811833e410 ConcurrentGCThread "G1 Conc#0" [stack: 0x000000a38cf00000,0x000000a38d000000] [id=96200]
  0x0000028100af65e0 ConcurrentGCThread "G1 Conc#1" [stack: 0x000000a38de00000,0x000000a38df00000] [id=40892]
  0x0000028138b800a0 ConcurrentGCThread "G1 Refine#0" [stack: 0x000000a38d000000,0x000000a38d100000] [id=104604]
  0x0000028138b80ac0 ConcurrentGCThread "G1 Service" [stack: 0x000000a38d100000,0x000000a38d200000] [id=97088]

Threads with active compile tasks:
JVMCI-native CompilerThread0     7857 6582 %     4       org.apache.maven.model.composition.DefaultDependencyManagementImporter::importManagement @ 145 (224 bytes)

VM state: at safepoint (normal execution)

VM Mutex/Monitor currently owned by a thread:  ([mutex/lock_event])
[0x00000281182ce410] Threads_lock - owner thread: 0x0000028138cbfee0
[0x00000281182cda80] Heap_lock - owner thread: 0x00000281182d23f0

Heap address: 0x0000000083600000, size: 1994 MB, Compressed Oops mode: 32-bit

CDS archive(s) mapped at: [0x0000028139000000-0x0000028139bd0000-0x0000028139bd0000), size 12386304, SharedBaseAddress: 0x0000028139000000, ArchiveRelocationMode: 1.
Compressed class space mapped at: 0x000002813a000000-0x000002817a000000, reserved size: 1073741824
Narrow klass base: 0x0000028139000000, Narrow klass shift: 0, Narrow klass range: 0x100000000

GC Precious Log:
 CPUs: 8 total, 8 available
 Memory: 7975M
 Large Page Support: Disabled
 NUMA Support: Disabled
 Compressed Oops: Enabled (32-bit)
 Heap Region Size: 1M
 Heap Min Capacity: 8M
 Heap Initial Capacity: 126M
 Heap Max Capacity: 1994M
 Pre-touch: Disabled
 Parallel Workers: 8
 Concurrent Workers: 2
 Concurrent Refinement Workers: 8
 Periodic GC: Disabled

Heap:
 garbage-first heap   total 167936K, used 95337K [0x0000000083600000, 0x0000000100000000)
  region size 1024K, 3 young (3072K), 3 survivors (3072K)
 Metaspace       used 23871K, committed 24192K, reserved 1114112K
  class space    used 2410K, committed 2560K, reserved 1048576K

Heap Regions: E=young(eden), S=young(survivor), O=old, HS=humongous(starts), HC=humongous(continues), CS=collection set, F=free, OA=open archive, CA=closed archive, TAMS=top-at-mark-start (previous, next)
|   0|0x0000000083600000, 0x0000000083700000, 0x0000000083700000|100%| O|  |TAMS 0x0000000083700000, 0x0000000083700000| Untracked 
|   1|0x0000000083700000, 0x0000000083800000, 0x0000000083800000|100%| O|  |TAMS 0x0000000083800000, 0x0000000083800000| Untracked 
|   2|0x0000000083800000, 0x0000000083900000, 0x0000000083900000|100%| O|  |TAMS 0x0000000083900000, 0x0000000083900000| Untracked 
|   3|0x0000000083900000, 0x0000000083a00000, 0x0000000083a00000|100%| O|  |TAMS 0x0000000083a00000, 0x0000000083a00000| Untracked 
|   4|0x0000000083a00000, 0x0000000083b00000, 0x0000000083b00000|100%| O|  |TAMS 0x0000000083b00000, 0x0000000083b00000| Untracked 
|   5|0x0000000083b00000, 0x0000000083c00000, 0x0000000083c00000|100%| O|  |TAMS 0x0000000083c00000, 0x0000000083c00000| Untracked 
|   6|0x0000000083c00000, 0x0000000083d00000, 0x0000000083d00000|100%| O|  |TAMS 0x0000000083d00000, 0x0000000083d00000| Untracked 
|   7|0x0000000083d00000, 0x0000000083e00000, 0x0000000083e00000|100%| O|  |TAMS 0x0000000083e00000, 0x0000000083e00000| Untracked 
|   8|0x0000000083e00000, 0x0000000083f00000, 0x0000000083f00000|100%| O|  |TAMS 0x0000000083f00000, 0x0000000083f00000| Untracked 
|   9|0x0000000083f00000, 0x0000000084000000, 0x0000000084000000|100%| O|  |TAMS 0x0000000084000000, 0x0000000084000000| Untracked 
|  10|0x0000000084000000, 0x0000000084100000, 0x0000000084100000|100%| O|  |TAMS 0x0000000084100000, 0x0000000084100000| Untracked 
|  11|0x0000000084100000, 0x0000000084200000, 0x0000000084200000|100%| O|  |TAMS 0x0000000084200000, 0x0000000084200000| Untracked 
|  12|0x0000000084200000, 0x0000000084300000, 0x0000000084300000|100%| O|  |TAMS 0x0000000084300000, 0x0000000084300000| Untracked 
|  13|0x0000000084300000, 0x0000000084400000, 0x0000000084400000|100%| O|  |TAMS 0x0000000084400000, 0x0000000084400000| Untracked 
|  14|0x0000000084400000, 0x0000000084500000, 0x0000000084500000|100%| O|  |TAMS 0x0000000084500000, 0x0000000084500000| Untracked 
|  15|0x0000000084500000, 0x0000000084600000, 0x0000000084600000|100%| O|  |TAMS 0x0000000084600000, 0x0000000084600000| Untracked 
|  16|0x0000000084600000, 0x0000000084700000, 0x0000000084700000|100%| O|  |TAMS 0x0000000084700000, 0x0000000084700000| Untracked 
|  17|0x0000000084700000, 0x0000000084800000, 0x0000000084800000|100%| O|  |TAMS 0x0000000084800000, 0x0000000084800000| Untracked 
|  18|0x0000000084800000, 0x0000000084900000, 0x0000000084900000|100%| O|  |TAMS 0x0000000084900000, 0x0000000084900000| Untracked 
|  19|0x0000000084900000, 0x0000000084a00000, 0x0000000084a00000|100%| O|  |TAMS 0x0000000084a00000, 0x0000000084a00000| Untracked 
|  20|0x0000000084a00000, 0x0000000084b00000, 0x0000000084b00000|100%| O|  |TAMS 0x0000000084b00000, 0x0000000084b00000| Untracked 
|  21|0x0000000084b00000, 0x0000000084c00000, 0x0000000084c00000|100%| O|  |TAMS 0x0000000084c00000, 0x0000000084c00000| Untracked 
|  22|0x0000000084c00000, 0x0000000084d00000, 0x0000000084d00000|100%| O|  |TAMS 0x0000000084d00000, 0x0000000084d00000| Untracked 
|  23|0x0000000084d00000, 0x0000000084e00000, 0x0000000084e00000|100%| O|  |TAMS 0x0000000084e00000, 0x0000000084e00000| Untracked 
|  24|0x0000000084e00000, 0x0000000084f00000, 0x0000000084f00000|100%| O|  |TAMS 0x0000000084f00000, 0x0000000084f00000| Untracked 
|  25|0x0000000084f00000, 0x0000000085000000, 0x0000000085000000|100%| O|  |TAMS 0x0000000085000000, 0x0000000085000000| Untracked 
|  26|0x0000000085000000, 0x0000000085100000, 0x0000000085100000|100%| O|  |TAMS 0x0000000085100000, 0x0000000085100000| Untracked 
|  27|0x0000000085100000, 0x0000000085200000, 0x0000000085200000|100%| O|  |TAMS 0x0000000085200000, 0x0000000085200000| Untracked 
|  28|0x0000000085200000, 0x0000000085300000, 0x0000000085300000|100%| O|  |TAMS 0x0000000085300000, 0x0000000085300000| Untracked 
|  29|0x0000000085300000, 0x0000000085400000, 0x0000000085400000|100%| O|  |TAMS 0x0000000085400000, 0x0000000085400000| Untracked 
|  30|0x0000000085400000, 0x0000000085500000, 0x0000000085500000|100%| O|  |TAMS 0x0000000085500000, 0x0000000085500000| Untracked 
|  31|0x0000000085500000, 0x0000000085600000, 0x0000000085600000|100%| O|  |TAMS 0x0000000085600000, 0x0000000085600000| Untracked 
|  32|0x0000000085600000, 0x0000000085700000, 0x0000000085700000|100%| O|  |TAMS 0x0000000085700000, 0x0000000085700000| Untracked 
|  33|0x0000000085700000, 0x0000000085800000, 0x0000000085800000|100%| O|  |TAMS 0x0000000085800000, 0x0000000085800000| Untracked 
|  34|0x0000000085800000, 0x0000000085900000, 0x0000000085900000|100%| O|  |TAMS 0x0000000085900000, 0x0000000085900000| Untracked 
|  35|0x0000000085900000, 0x0000000085a00000, 0x0000000085a00000|100%| O|  |TAMS 0x0000000085a00000, 0x0000000085a00000| Untracked 
|  36|0x0000000085a00000, 0x0000000085b00000, 0x0000000085b00000|100%| O|  |TAMS 0x0000000085b00000, 0x0000000085b00000| Untracked 
|  37|0x0000000085b00000, 0x0000000085c00000, 0x0000000085c00000|100%| O|  |TAMS 0x0000000085c00000, 0x0000000085c00000| Untracked 
|  38|0x0000000085c00000, 0x0000000085d00000, 0x0000000085d00000|100%| O|  |TAMS 0x0000000085d00000, 0x0000000085d00000| Untracked 
|  39|0x0000000085d00000, 0x0000000085e00000, 0x0000000085e00000|100%| O|  |TAMS 0x0000000085e00000, 0x0000000085e00000| Untracked 
|  40|0x0000000085e00000, 0x0000000085f00000, 0x0000000085f00000|100%| O|  |TAMS 0x0000000085f00000, 0x0000000085f00000| Untracked 
|  41|0x0000000085f00000, 0x0000000086000000, 0x0000000086000000|100%| O|  |TAMS 0x0000000086000000, 0x0000000086000000| Untracked 
|  42|0x0000000086000000, 0x0000000086000000, 0x0000000086100000|  0%| F|  |TAMS 0x0000000086000000, 0x0000000086000000| Untracked 
|  43|0x0000000086100000, 0x0000000086200000, 0x0000000086200000|100%| O|  |TAMS 0x0000000086200000, 0x0000000086200000| Untracked 
|  44|0x0000000086200000, 0x0000000086300000, 0x0000000086300000|100%| O|  |TAMS 0x0000000086300000, 0x0000000086300000| Untracked 
|  45|0x0000000086300000, 0x0000000086400000, 0x0000000086400000|100%| O|  |TAMS 0x0000000086400000, 0x0000000086400000| Untracked 
|  46|0x0000000086400000, 0x0000000086500000, 0x0000000086500000|100%| O|  |TAMS 0x0000000086500000, 0x0000000086500000| Untracked 
|  47|0x0000000086500000, 0x0000000086600000, 0x0000000086600000|100%| O|  |TAMS 0x0000000086600000, 0x0000000086600000| Untracked 
|  48|0x0000000086600000, 0x0000000086700000, 0x0000000086700000|100%| O|  |TAMS 0x0000000086700000, 0x0000000086700000| Untracked 
|  49|0x0000000086700000, 0x0000000086800000, 0x0000000086800000|100%| O|  |TAMS 0x0000000086800000, 0x0000000086800000| Untracked 
|  50|0x0000000086800000, 0x0000000086900000, 0x0000000086900000|100%| O|  |TAMS 0x0000000086900000, 0x0000000086900000| Untracked 
|  51|0x0000000086900000, 0x0000000086a00000, 0x0000000086a00000|100%| O|  |TAMS 0x0000000086a00000, 0x0000000086a00000| Untracked 
|  52|0x0000000086a00000, 0x0000000086b00000, 0x0000000086b00000|100%| O|  |TAMS 0x0000000086b00000, 0x0000000086b00000| Untracked 
|  53|0x0000000086b00000, 0x0000000086c00000, 0x0000000086c00000|100%| O|  |TAMS 0x0000000086c00000, 0x0000000086c00000| Untracked 
|  54|0x0000000086c00000, 0x0000000086d00000, 0x0000000086d00000|100%| O|  |TAMS 0x0000000086d00000, 0x0000000086d00000| Untracked 
|  55|0x0000000086d00000, 0x0000000086e00000, 0x0000000086e00000|100%| O|  |TAMS 0x0000000086e00000, 0x0000000086e00000| Untracked 
|  56|0x0000000086e00000, 0x0000000086f00000, 0x0000000086f00000|100%| O|  |TAMS 0x0000000086f00000, 0x0000000086f00000| Untracked 
|  57|0x0000000086f00000, 0x0000000087000000, 0x0000000087000000|100%| O|  |TAMS 0x0000000087000000, 0x0000000087000000| Untracked 
|  58|0x0000000087000000, 0x0000000087100000, 0x0000000087100000|100%| O|  |TAMS 0x0000000087100000, 0x0000000087100000| Untracked 
|  59|0x0000000087100000, 0x0000000087200000, 0x0000000087200000|100%| O|  |TAMS 0x0000000087200000, 0x0000000087200000| Untracked 
|  60|0x0000000087200000, 0x0000000087300000, 0x0000000087300000|100%| O|  |TAMS 0x0000000087300000, 0x0000000087300000| Untracked 
|  61|0x0000000087300000, 0x0000000087400000, 0x0000000087400000|100%| O|  |TAMS 0x0000000087400000, 0x0000000087400000| Untracked 
|  62|0x0000000087400000, 0x0000000087500000, 0x0000000087500000|100%| O|  |TAMS 0x0000000087500000, 0x0000000087500000| Untracked 
|  63|0x0000000087500000, 0x0000000087600000, 0x0000000087600000|100%| O|  |TAMS 0x0000000087600000, 0x0000000087600000| Untracked 
|  64|0x0000000087600000, 0x0000000087700000, 0x0000000087700000|100%| O|  |TAMS 0x0000000087700000, 0x0000000087700000| Untracked 
|  65|0x0000000087700000, 0x0000000087800000, 0x0000000087800000|100%| O|  |TAMS 0x0000000087800000, 0x0000000087800000| Untracked 
|  66|0x0000000087800000, 0x0000000087900000, 0x0000000087900000|100%| O|  |TAMS 0x0000000087900000, 0x0000000087900000| Untracked 
|  67|0x0000000087900000, 0x0000000087a00000, 0x0000000087a00000|100%| O|  |TAMS 0x0000000087a00000, 0x0000000087a00000| Untracked 
|  68|0x0000000087a00000, 0x0000000087b00000, 0x0000000087b00000|100%| O|  |TAMS 0x0000000087adfe00, 0x0000000087b00000| Untracked 
|  69|0x0000000087b00000, 0x0000000087c00000, 0x0000000087c00000|100%| O|  |TAMS 0x0000000087b00000, 0x0000000087c00000| Untracked 
|  70|0x0000000087c00000, 0x0000000087d00000, 0x0000000087d00000|100%| O|  |TAMS 0x0000000087c00000, 0x0000000087d00000| Untracked 
|  71|0x0000000087d00000, 0x0000000087e00000, 0x0000000087e00000|100%| O|  |TAMS 0x0000000087d00000, 0x0000000087e00000| Untracked 
|  72|0x0000000087e00000, 0x0000000087f00000, 0x0000000087f00000|100%| O|  |TAMS 0x0000000087e00000, 0x0000000087f00000| Untracked 
|  73|0x0000000087f00000, 0x0000000088000000, 0x0000000088000000|100%| O|  |TAMS 0x0000000087f00000, 0x0000000088000000| Untracked 
|  74|0x0000000088000000, 0x0000000088100000, 0x0000000088100000|100%| O|  |TAMS 0x0000000088000000, 0x0000000088100000| Untracked 
|  75|0x0000000088100000, 0x0000000088200000, 0x0000000088200000|100%| O|  |TAMS 0x0000000088100000, 0x0000000088200000| Untracked 
|  76|0x0000000088200000, 0x0000000088300000, 0x0000000088300000|100%| O|  |TAMS 0x0000000088200000, 0x0000000088300000| Untracked 
|  77|0x0000000088300000, 0x0000000088400000, 0x0000000088400000|100%| O|  |TAMS 0x0000000088300000, 0x0000000088400000| Untracked 
|  78|0x0000000088400000, 0x0000000088500000, 0x0000000088500000|100%| O|  |TAMS 0x0000000088400000, 0x0000000088500000| Untracked 
|  79|0x0000000088500000, 0x0000000088600000, 0x0000000088600000|100%| O|  |TAMS 0x0000000088500000, 0x0000000088600000| Untracked 
|  80|0x0000000088600000, 0x0000000088700000, 0x0000000088700000|100%| O|  |TAMS 0x0000000088600000, 0x0000000088700000| Untracked 
|  81|0x0000000088700000, 0x0000000088800000, 0x0000000088800000|100%| O|  |TAMS 0x0000000088700000, 0x0000000088800000| Untracked 
|  82|0x0000000088800000, 0x0000000088900000, 0x0000000088900000|100%| O|  |TAMS 0x0000000088800000, 0x0000000088900000| Untracked 
|  83|0x0000000088900000, 0x0000000088a00000, 0x0000000088a00000|100%| O|  |TAMS 0x0000000088900000, 0x0000000088a00000| Untracked 
|  84|0x0000000088a00000, 0x0000000088b00000, 0x0000000088b00000|100%| O|  |TAMS 0x0000000088a00000, 0x0000000088b00000| Untracked 
|  85|0x0000000088b00000, 0x0000000088c00000, 0x0000000088c00000|100%| O|  |TAMS 0x0000000088b00000, 0x0000000088c00000| Untracked 
|  86|0x0000000088c00000, 0x0000000088d00000, 0x0000000088d00000|100%| O|  |TAMS 0x0000000088c00000, 0x0000000088d00000| Untracked 
|  87|0x0000000088d00000, 0x0000000088e00000, 0x0000000088e00000|100%| O|  |TAMS 0x0000000088d00000, 0x0000000088e00000| Untracked 
|  88|0x0000000088e00000, 0x0000000088f00000, 0x0000000088f00000|100%| O|  |TAMS 0x0000000088e00000, 0x0000000088f00000| Untracked 
|  89|0x0000000088f00000, 0x0000000089000000, 0x0000000089000000|100%| O|  |TAMS 0x0000000088f00000, 0x0000000089000000| Untracked 
|  90|0x0000000089000000, 0x0000000089100000, 0x0000000089100000|100%| O|  |TAMS 0x0000000089000000, 0x0000000089100000| Untracked 
|  91|0x0000000089100000, 0x0000000089180000, 0x0000000089200000| 50%| O|  |TAMS 0x0000000089100000, 0x0000000089180000| Untracked 
|  92|0x0000000089200000, 0x0000000089200000, 0x0000000089300000|  0%| F|  |TAMS 0x0000000089200000, 0x0000000089200000| Untracked 
|  93|0x0000000089300000, 0x0000000089300000, 0x0000000089400000|  0%| F|  |TAMS 0x0000000089300000, 0x0000000089300000| Untracked 
|  94|0x0000000089400000, 0x0000000089400000, 0x0000000089500000|  0%| F|  |TAMS 0x0000000089400000, 0x0000000089400000| Untracked 
|  95|0x0000000089500000, 0x0000000089500000, 0x0000000089600000|  0%| F|  |TAMS 0x0000000089500000, 0x0000000089500000| Untracked 
|  96|0x0000000089600000, 0x0000000089600000, 0x0000000089700000|  0%| F|  |TAMS 0x0000000089600000, 0x0000000089600000| Untracked 
|  97|0x0000000089700000, 0x0000000089700000, 0x0000000089800000|  0%| F|  |TAMS 0x0000000089700000, 0x0000000089700000| Untracked 
|  98|0x0000000089800000, 0x0000000089800000, 0x0000000089900000|  0%| F|  |TAMS 0x0000000089800000, 0x0000000089800000| Untracked 
|  99|0x0000000089900000, 0x0000000089900000, 0x0000000089a00000|  0%| F|  |TAMS 0x0000000089900000, 0x0000000089900000| Untracked 
| 100|0x0000000089a00000, 0x0000000089a00000, 0x0000000089b00000|  0%| F|  |TAMS 0x0000000089a00000, 0x0000000089a00000| Untracked 
| 101|0x0000000089b00000, 0x0000000089b00000, 0x0000000089c00000|  0%| F|  |TAMS 0x0000000089b00000, 0x0000000089b00000| Untracked 
| 102|0x0000000089c00000, 0x0000000089c00000, 0x0000000089d00000|  0%| F|  |TAMS 0x0000000089c00000, 0x0000000089c00000| Untracked 
| 103|0x0000000089d00000, 0x0000000089d00000, 0x0000000089e00000|  0%| F|  |TAMS 0x0000000089d00000, 0x0000000089d00000| Untracked 
| 104|0x0000000089e00000, 0x0000000089e00000, 0x0000000089f00000|  0%| F|  |TAMS 0x0000000089e00000, 0x0000000089e00000| Untracked 
| 105|0x0000000089f00000, 0x0000000089f00000, 0x000000008a000000|  0%| F|  |TAMS 0x0000000089f00000, 0x0000000089f00000| Untracked 
| 106|0x000000008a000000, 0x000000008a000000, 0x000000008a100000|  0%| F|  |TAMS 0x000000008a000000, 0x000000008a000000| Untracked 
| 107|0x000000008a100000, 0x000000008a100000, 0x000000008a200000|  0%| F|  |TAMS 0x000000008a100000, 0x000000008a100000| Untracked 
| 108|0x000000008a200000, 0x000000008a200000, 0x000000008a300000|  0%| F|  |TAMS 0x000000008a200000, 0x000000008a200000| Untracked 
| 109|0x000000008a300000, 0x000000008a300000, 0x000000008a400000|  0%| F|  |TAMS 0x000000008a300000, 0x000000008a300000| Untracked 
| 110|0x000000008a400000, 0x000000008a400000, 0x000000008a500000|  0%| F|  |TAMS 0x000000008a400000, 0x000000008a400000| Untracked 
| 111|0x000000008a500000, 0x000000008a500000, 0x000000008a600000|  0%| F|  |TAMS 0x000000008a500000, 0x000000008a500000| Untracked 
| 112|0x000000008a600000, 0x000000008a600000, 0x000000008a700000|  0%| F|  |TAMS 0x000000008a600000, 0x000000008a600000| Untracked 
| 113|0x000000008a700000, 0x000000008a700000, 0x000000008a800000|  0%| F|  |TAMS 0x000000008a700000, 0x000000008a700000| Untracked 
| 114|0x000000008a800000, 0x000000008a800000, 0x000000008a900000|  0%| F|  |TAMS 0x000000008a800000, 0x000000008a800000| Untracked 
| 115|0x000000008a900000, 0x000000008a900000, 0x000000008aa00000|  0%| F|  |TAMS 0x000000008a900000, 0x000000008a900000| Untracked 
| 116|0x000000008aa00000, 0x000000008aa00000, 0x000000008ab00000|  0%| F|  |TAMS 0x000000008aa00000, 0x000000008aa00000| Untracked 
| 117|0x000000008ab00000, 0x000000008ab00000, 0x000000008ac00000|  0%| F|  |TAMS 0x000000008ab00000, 0x000000008ab00000| Untracked 
| 118|0x000000008ac00000, 0x000000008ac00000, 0x000000008ad00000|  0%| F|  |TAMS 0x000000008ac00000, 0x000000008ac00000| Untracked 
| 119|0x000000008ad00000, 0x000000008ad00000, 0x000000008ae00000|  0%| F|  |TAMS 0x000000008ad00000, 0x000000008ad00000| Untracked 
| 120|0x000000008ae00000, 0x000000008ae00000, 0x000000008af00000|  0%| F|  |TAMS 0x000000008ae00000, 0x000000008ae00000| Untracked 
| 121|0x000000008af00000, 0x000000008af00000, 0x000000008b000000|  0%| F|  |TAMS 0x000000008af00000, 0x000000008af00000| Untracked 
| 122|0x000000008b000000, 0x000000008b000000, 0x000000008b100000|  0%| F|  |TAMS 0x000000008b000000, 0x000000008b000000| Untracked 
| 123|0x000000008b100000, 0x000000008b100000, 0x000000008b200000|  0%| F|  |TAMS 0x000000008b100000, 0x000000008b100000| Untracked 
| 124|0x000000008b200000, 0x000000008b200000, 0x000000008b300000|  0%| F|  |TAMS 0x000000008b200000, 0x000000008b200000| Untracked 
| 125|0x000000008b300000, 0x000000008b300000, 0x000000008b400000|  0%| F|  |TAMS 0x000000008b300000, 0x000000008b300000| Untracked 
| 126|0x000000008b400000, 0x000000008b400000, 0x000000008b500000|  0%| F|  |TAMS 0x000000008b400000, 0x000000008b400000| Untracked 
| 127|0x000000008b500000, 0x000000008b500000, 0x000000008b600000|  0%| F|  |TAMS 0x000000008b500000, 0x000000008b500000| Untracked 
| 128|0x000000008b600000, 0x000000008b600000, 0x000000008b700000|  0%| F|  |TAMS 0x000000008b600000, 0x000000008b600000| Untracked 
| 129|0x000000008b700000, 0x000000008b700000, 0x000000008b800000|  0%| F|  |TAMS 0x000000008b700000, 0x000000008b700000| Untracked 
| 130|0x000000008b800000, 0x000000008b800000, 0x000000008b900000|  0%| F|  |TAMS 0x000000008b800000, 0x000000008b800000| Untracked 
| 131|0x000000008b900000, 0x000000008b900000, 0x000000008ba00000|  0%| F|  |TAMS 0x000000008b900000, 0x000000008b900000| Untracked 
| 132|0x000000008ba00000, 0x000000008ba00000, 0x000000008bb00000|  0%| F|  |TAMS 0x000000008ba00000, 0x000000008ba00000| Untracked 
| 133|0x000000008bb00000, 0x000000008bb00000, 0x000000008bc00000|  0%| F|  |TAMS 0x000000008bb00000, 0x000000008bb00000| Untracked 
| 134|0x000000008bc00000, 0x000000008bc00000, 0x000000008bd00000|  0%| F|  |TAMS 0x000000008bc00000, 0x000000008bc00000| Untracked 
| 135|0x000000008bd00000, 0x000000008bd00000, 0x000000008be00000|  0%| F|  |TAMS 0x000000008bd00000, 0x000000008bd00000| Untracked 
| 136|0x000000008be00000, 0x000000008be00000, 0x000000008bf00000|  0%| F|  |TAMS 0x000000008be00000, 0x000000008be00000| Untracked 
| 137|0x000000008bf00000, 0x000000008bf00000, 0x000000008c000000|  0%| F|  |TAMS 0x000000008bf00000, 0x000000008bf00000| Untracked 
| 138|0x000000008c000000, 0x000000008c000000, 0x000000008c100000|  0%| F|  |TAMS 0x000000008c000000, 0x000000008c000000| Untracked 
| 139|0x000000008c100000, 0x000000008c100000, 0x000000008c200000|  0%| F|  |TAMS 0x000000008c100000, 0x000000008c100000| Untracked 
| 140|0x000000008c200000, 0x000000008c200000, 0x000000008c300000|  0%| F|  |TAMS 0x000000008c200000, 0x000000008c200000| Untracked 
| 141|0x000000008c300000, 0x000000008c300000, 0x000000008c400000|  0%| F|  |TAMS 0x000000008c300000, 0x000000008c300000| Untracked 
| 142|0x000000008c400000, 0x000000008c400000, 0x000000008c500000|  0%| F|  |TAMS 0x000000008c400000, 0x000000008c400000| Untracked 
| 143|0x000000008c500000, 0x000000008c500000, 0x000000008c600000|  0%| F|  |TAMS 0x000000008c500000, 0x000000008c500000| Untracked 
| 144|0x000000008c600000, 0x000000008c69a488, 0x000000008c700000| 60%| S|CS|TAMS 0x000000008c600000, 0x000000008c600000| Complete 
| 145|0x000000008c700000, 0x000000008c800000, 0x000000008c800000|100%| S|CS|TAMS 0x000000008c700000, 0x000000008c700000| Complete 
| 146|0x000000008c800000, 0x000000008c900000, 0x000000008c900000|100%| S|CS|TAMS 0x000000008c800000, 0x000000008c800000| Complete 
| 147|0x000000008c900000, 0x000000008c900000, 0x000000008ca00000|  0%| F|  |TAMS 0x000000008c900000, 0x000000008c900000| Untracked 
| 148|0x000000008ca00000, 0x000000008ca00000, 0x000000008cb00000|  0%| F|  |TAMS 0x000000008ca00000, 0x000000008ca00000| Untracked 
| 149|0x000000008cb00000, 0x000000008cb00000, 0x000000008cc00000|  0%| F|  |TAMS 0x000000008cb00000, 0x000000008cb00000| Untracked 
| 150|0x000000008cc00000, 0x000000008cc00000, 0x000000008cd00000|  0%| F|  |TAMS 0x000000008cc00000, 0x000000008cc00000| Untracked 
| 151|0x000000008cd00000, 0x000000008cd00000, 0x000000008ce00000|  0%| F|  |TAMS 0x000000008cd00000, 0x000000008cd00000| Untracked 
| 152|0x000000008ce00000, 0x000000008ce00000, 0x000000008cf00000|  0%| F|  |TAMS 0x000000008ce00000, 0x000000008ce00000| Untracked 
| 153|0x000000008cf00000, 0x000000008cf00000, 0x000000008d000000|  0%| F|  |TAMS 0x000000008cf00000, 0x000000008cf00000| Untracked 
| 154|0x000000008d000000, 0x000000008d000000, 0x000000008d100000|  0%| F|  |TAMS 0x000000008d000000, 0x000000008d000000| Untracked 
| 155|0x000000008d100000, 0x000000008d100000, 0x000000008d200000|  0%| F|  |TAMS 0x000000008d100000, 0x000000008d100000| Untracked 
| 156|0x000000008d200000, 0x000000008d200000, 0x000000008d300000|  0%| F|  |TAMS 0x000000008d200000, 0x000000008d200000| Untracked 
| 157|0x000000008d300000, 0x000000008d300000, 0x000000008d400000|  0%| F|  |TAMS 0x000000008d300000, 0x000000008d300000| Untracked 
| 158|0x000000008d400000, 0x000000008d400000, 0x000000008d500000|  0%| F|  |TAMS 0x000000008d400000, 0x000000008d400000| Untracked 
| 159|0x000000008d500000, 0x000000008d500000, 0x000000008d600000|  0%| F|  |TAMS 0x000000008d500000, 0x000000008d500000| Untracked 
| 160|0x000000008d600000, 0x000000008d600000, 0x000000008d700000|  0%| F|  |TAMS 0x000000008d600000, 0x000000008d600000| Untracked 
| 161|0x000000008d700000, 0x000000008d700000, 0x000000008d800000|  0%| F|  |TAMS 0x000000008d700000, 0x000000008d700000| Untracked 
| 162|0x000000008d800000, 0x000000008d800000, 0x000000008d900000|  0%| F|  |TAMS 0x000000008d800000, 0x000000008d800000| Untracked 
| 163|0x000000008d900000, 0x000000008d900000, 0x000000008da00000|  0%| F|  |TAMS 0x000000008d900000, 0x000000008d900000| Untracked 

Card table byte_map: [0x0000028131ca0000,0x0000028132090000] _byte_map_base: 0x0000028131885000

Marking Bits (Prev, Next): (CMBitMap*) 0x000002811832d7d0, (CMBitMap*) 0x000002811832d790
 Prev Bits: [0x00000281343b0000, 0x00000281362d8000)
 Next Bits: [0x0000028132480000, 0x00000281343a8000)

Polling page: 0x0000028116250000

Metaspace:

Usage:
  Non-class:     20.96 MB used.
      Class:      2.35 MB used.
       Both:     23.31 MB used.

Virtual space:
  Non-class space:       64.00 MB reserved,      21.12 MB ( 33%) committed,  1 nodes.
      Class space:        1.00 GB reserved,       2.50 MB ( <1%) committed,  1 nodes.
             Both:        1.06 GB reserved,      23.62 MB (  2%) committed. 

Chunk freelists:
   Non-Class:  10.28 MB
       Class:  13.53 MB
        Both:  23.81 MB

MaxMetaspaceSize: unlimited
CompressedClassSpaceSize: 1.00 GB
Initial GC threshold: 21.00 MB
Current GC threshold: 38.69 MB
CDS: on
MetaspaceReclaimPolicy: balanced
 - commit_granule_bytes: 65536.
 - commit_granule_words: 8192.
 - virtual_space_node_default_size: 8388608.
 - enlarge_chunks_in_place: 1.
 - new_chunks_are_fully_committed: 0.
 - uncommit_free_chunks: 1.
 - use_allocation_guard: 0.
 - handle_deallocations: 1.


Internal statistics:

num_allocs_failed_limit: 6.
num_arena_births: 248.
num_arena_deaths: 2.
num_vsnodes_births: 2.
num_vsnodes_deaths: 0.
num_space_committed: 378.
num_space_uncommitted: 0.
num_chunks_returned_to_freelist: 14.
num_chunks_taken_from_freelist: 1059.
num_chunk_merges: 6.
num_chunk_splits: 731.
num_chunks_enlarged: 555.
num_purges: 2.
num_inconsistent_stats: 0.

CodeHeap 'non-profiled nmethods': size=119488Kb used=2874Kb max_used=2874Kb free=116613Kb
 bounds [0x000002812a0c0000, 0x000002812a390000, 0x0000028131570000]
CodeHeap 'profiled nmethods': size=119424Kb used=14050Kb max_used=14050Kb free=105373Kb
 bounds [0x0000028122570000, 0x0000028123330000, 0x0000028129a10000]
CodeHeap 'non-nmethods': size=6848Kb used=2351Kb max_used=2425Kb free=4496Kb
 bounds [0x0000028129a10000, 0x0000028129c80000, 0x000002812a0c0000]
 total_blobs=6360 nmethods=5850 adapters=412
 compilation: enabled
              stopped_count=0, restarted_count=0
 full_count=0

JVMCI Events (20 events):
Event: 6.799 Thread 0x0000028138cf12c0 compacted oop handles in JVMCI runtime 0 from 194 to 179
Event: 6.813 Thread 0x0000028138cf12c0 compacted oop handles in JVMCI runtime 0 from 194 to 191
Event: 6.850 Thread 0x0000028138cf12c0 compacted oop handles in JVMCI runtime 0 from 203 to 193
Event: 6.850 Thread 0x0000028138cf12c0 compacted oop handles in JVMCI runtime 0 from 194 to 179
Event: 6.859 Thread 0x0000028138cf12c0 compacted oop handles in JVMCI runtime 0 from 210 to 209
Event: 6.876 Thread 0x0000028138cf12c0 compacted oop handles in JVMCI runtime 0 from 240 to 233
Event: 6.913 Thread 0x0000028138cf12c0 compacted oop handles in JVMCI runtime 0 from 256 to 247
Event: 6.913 Thread 0x0000028138cf12c0 compacted oop handles in JVMCI runtime 0 from 248 to 102
Event: 6.924 Thread 0x0000028138cf12c0 compacted oop handles in JVMCI runtime 0 from 171 to 166
Event: 7.013 Thread 0x0000028138cf12c0 compacted oop handles in JVMCI runtime 0 from 224 to 213
Event: 7.013 Thread 0x0000028138cf12c0 compacted oop handles in JVMCI runtime 0 from 214 to 180
Event: 7.068 Thread 0x0000028138cf12c0 compacted oop handles in JVMCI runtime 0 from 251 to 220
Event: 7.068 Thread 0x0000028138cf12c0 compacted oop handles in JVMCI runtime 0 from 220 to 206
Event: 7.069 Thread 0x0000028138cf12c0 compacted oop handles in JVMCI runtime 0 from 207 to 206
Event: 7.111 Thread 0x0000028138cf12c0 compacted oop handles in JVMCI runtime 0 from 230 to 224
Event: 7.111 Thread 0x0000028138cf12c0 compacted oop handles in JVMCI runtime 0 from 225 to 209
Event: 7.192 Thread 0x0000028138cf12c0 compacted oop handles in JVMCI runtime 0 from 255 to 247
Event: 7.193 Thread 0x0000028138cf12c0 compacted oop handles in JVMCI runtime 0 from 248 to 149
Event: 7.413 Thread 0x0000028138cf12c0 compacted oop handles in JVMCI runtime 0 from 203 to 199
Event: 7.413 Thread 0x0000028138cf12c0 compacted oop handles in JVMCI runtime 0 from 200 to 151

Compilation events (20 events):
Event: 7.809 Thread 0x0000028100913010 nmethod 6774 0x000002812a250110 code [0x000002812a2502a0, 0x000002812a250378]
Event: 7.809 Thread 0x0000028138cf1d70 nmethod 6775 0x000002812a24fe10 code [0x000002812a24ffa0, 0x000002812a250078]
Event: 7.816 Thread 0x0000028100913010 6776       1       java.time.temporal.ValueRange::getMinimum (5 bytes)
Event: 7.816 Thread 0x000002810013b2c0 6777       1       java.time.temporal.ValueRange::getMaximum (5 bytes)
Event: 7.816 Thread 0x000002810013b2c0 nmethod 6777 0x000002812a24fb10 code [0x000002812a24fca0, 0x000002812a24fd78]
Event: 7.816 Thread 0x0000028100913010 nmethod 6776 0x000002812a24f790 code [0x000002812a24f920, 0x000002812a24f9f8]
Event: 7.818 Thread 0x0000028100913010 6778 %     3       java.util.Properties$LineReader::readLine @ 293 (584 bytes)
Event: 7.818 Thread 0x000002810013b2c0 6779       3       java.util.Properties::loadConvert (540 bytes)
Event: 7.819 Thread 0x0000028138cf1d70 6780       2       org.apache.maven.cli.logging.Slf4jLogger::isDebugEnabled (10 bytes)
Event: 7.819 Thread 0x0000028138cf1d70 nmethod 6780 0x0000028123321390 code [0x0000028123321520, 0x0000028123321648]
Event: 7.819 Thread 0x000002810013b2c0 nmethod 6779 0x0000028123321710 code [0x0000028123321a00, 0x0000028123322e38]
Event: 7.819 Thread 0x0000028138cf1d70 6781       2       io.quarkus.util.GlobUtil::escapeIfNeeded (133 bytes)
Event: 7.820 Thread 0x0000028138cf1d70 nmethod 6781 0x0000028123323490 code [0x0000028123323640, 0x00000281233237d8]
Event: 7.820 Thread 0x0000028100913010 nmethod 6778% 0x0000028123323910 code [0x0000028123323d00, 0x0000028123327938]
Event: 7.821 Thread 0x0000028100913010 6782       2       java.nio.MappedByteBuffer::position (8 bytes)
Event: 7.821 Thread 0x0000028138cf1d70 6783       1       java.time.temporal.ChronoField::range (5 bytes)
Event: 7.821 Thread 0x0000028100913010 nmethod 6782 0x0000028123328790 code [0x0000028123328920, 0x0000028123328a48]
Event: 7.821 Thread 0x0000028138cf1d70 nmethod 6783 0x000002812a38e890 code [0x000002812a38ea20, 0x000002812a38eaf8]
Event: 7.823 Thread 0x0000028100913010 6784       2       java.util.concurrent.locks.AbstractQueuedSynchronizer::release (19 bytes)
Event: 7.824 Thread 0x0000028100913010 nmethod 6784 0x0000028123328b10 code [0x0000028123328ce0, 0x0000028123328f68]

GC Heap History (20 events):
Event: 3.490 GC heap after
{Heap after GC invocations=4 (full 0):
 garbage-first heap   total 129024K, used 20684K [0x0000000083600000, 0x0000000100000000)
  region size 1024K, 9 young (9216K), 9 survivors (9216K)
 Metaspace       used 17804K, committed 18048K, reserved 1114112K
  class space    used 1845K, committed 1984K, reserved 1048576K
}
Event: 4.212 GC heap before
{Heap before GC invocations=4 (full 0):
 garbage-first heap   total 129024K, used 86220K [0x0000000083600000, 0x0000000100000000)
  region size 1024K, 73 young (74752K), 9 survivors (9216K)
 Metaspace       used 20185K, committed 20416K, reserved 1114112K
  class space    used 2062K, committed 2176K, reserved 1048576K
}
Event: 4.222 GC heap after
{Heap after GC invocations=5 (full 0):
 garbage-first heap   total 129024K, used 30412K [0x0000000083600000, 0x0000000100000000)
  region size 1024K, 10 young (10240K), 10 survivors (10240K)
 Metaspace       used 20185K, committed 20416K, reserved 1114112K
  class space    used 2062K, committed 2176K, reserved 1048576K
}
Event: 4.621 GC heap before
{Heap before GC invocations=5 (full 0):
 garbage-first heap   total 129024K, used 89804K [0x0000000083600000, 0x0000000100000000)
  region size 1024K, 68 young (69632K), 10 survivors (10240K)
 Metaspace       used 20274K, committed 20480K, reserved 1114112K
  class space    used 2063K, committed 2176K, reserved 1048576K
}
Event: 4.632 GC heap after
{Heap after GC invocations=6 (full 0):
 garbage-first heap   total 129024K, used 41453K [0x0000000083600000, 0x0000000100000000)
  region size 1024K, 9 young (9216K), 9 survivors (9216K)
 Metaspace       used 20274K, committed 20480K, reserved 1114112K
  class space    used 2063K, committed 2176K, reserved 1048576K
}
Event: 4.980 GC heap before
{Heap before GC invocations=6 (full 0):
 garbage-first heap   total 129024K, used 91629K [0x0000000083600000, 0x0000000100000000)
  region size 1024K, 58 young (59392K), 9 survivors (9216K)
 Metaspace       used 20402K, committed 20608K, reserved 1114112K
  class space    used 2063K, committed 2176K, reserved 1048576K
}
Event: 4.991 GC heap after
{Heap after GC invocations=7 (full 0):
 garbage-first heap   total 155648K, used 52224K [0x0000000083600000, 0x0000000100000000)
  region size 1024K, 8 young (8192K), 8 survivors (8192K)
 Metaspace       used 20402K, committed 20608K, reserved 1114112K
  class space    used 2063K, committed 2176K, reserved 1048576K
}
Event: 6.359 GC heap before
{Heap before GC invocations=7 (full 0):
 garbage-first heap   total 155648K, used 101376K [0x0000000083600000, 0x0000000100000000)
  region size 1024K, 57 young (58368K), 8 survivors (8192K)
 Metaspace       used 21246K, committed 21504K, reserved 1114112K
  class space    used 2147K, committed 2304K, reserved 1048576K
}
Event: 6.370 GC heap after
{Heap after GC invocations=8 (full 0):
 garbage-first heap   total 155648K, used 58880K [0x0000000083600000, 0x0000000100000000)
  region size 1024K, 6 young (6144K), 6 survivors (6144K)
 Metaspace       used 21246K, committed 21504K, reserved 1114112K
  class space    used 2147K, committed 2304K, reserved 1048576K
}
Event: 6.901 GC heap before
{Heap before GC invocations=9 (full 0):
 garbage-first heap   total 155648K, used 113152K [0x0000000083600000, 0x0000000100000000)
  region size 1024K, 59 young (60416K), 6 survivors (6144K)
 Metaspace       used 23399K, committed 23744K, reserved 1114112K
  class space    used 2365K, committed 2560K, reserved 1048576K
}
Event: 6.911 GC heap after
{Heap after GC invocations=10 (full 0):
 garbage-first heap   total 155648K, used 68096K [0x0000000083600000, 0x0000000100000000)
  region size 1024K, 8 young (8192K), 8 survivors (8192K)
 Metaspace       used 23399K, committed 23744K, reserved 1114112K
  class space    used 2365K, committed 2560K, reserved 1048576K
}
Event: 7.096 GC heap before
{Heap before GC invocations=11 (full 0):
 garbage-first heap   total 155648K, used 114176K [0x0000000083600000, 0x0000000100000000)
  region size 1024K, 53 young (54272K), 8 survivors (8192K)
 Metaspace       used 23435K, committed 23744K, reserved 1114112K
  class space    used 2365K, committed 2560K, reserved 1048576K
}
Event: 7.106 GC heap after
{Heap after GC invocations=12 (full 0):
 garbage-first heap   total 155648K, used 77695K [0x0000000083600000, 0x0000000100000000)
  region size 1024K, 7 young (7168K), 7 survivors (7168K)
 Metaspace       used 23435K, committed 23744K, reserved 1114112K
  class space    used 2365K, committed 2560K, reserved 1048576K
}
Event: 7.271 GC heap before
{Heap before GC invocations=12 (full 0):
 garbage-first heap   total 155648K, used 116607K [0x0000000083600000, 0x0000000100000000)
  region size 1024K, 45 young (46080K), 7 survivors (7168K)
 Metaspace       used 23457K, committed 23808K, reserved 1114112K
  class space    used 2365K, committed 2560K, reserved 1048576K
}
Event: 7.278 GC heap after
{Heap after GC invocations=13 (full 0):
 garbage-first heap   total 155648K, used 84992K [0x0000000083600000, 0x0000000100000000)
  region size 1024K, 6 young (6144K), 6 survivors (6144K)
 Metaspace       used 23457K, committed 23808K, reserved 1114112K
  class space    used 2365K, committed 2560K, reserved 1048576K
}
Event: 7.427 GC heap before
{Heap before GC invocations=14 (full 0):
 garbage-first heap   total 167936K, used 119808K [0x0000000083600000, 0x0000000100000000)
  region size 1024K, 40 young (40960K), 6 survivors (6144K)
 Metaspace       used 23382K, committed 23808K, reserved 1114112K
  class space    used 2356K, committed 2560K, reserved 1048576K
}
Event: 7.435 GC heap after
{Heap after GC invocations=15 (full 0):
 garbage-first heap   total 167936K, used 92672K [0x0000000083600000, 0x0000000100000000)
  region size 1024K, 5 young (5120K), 5 survivors (5120K)
 Metaspace       used 23382K, committed 23808K, reserved 1114112K
  class space    used 2356K, committed 2560K, reserved 1048576K
}
Event: 7.459 GC heap before
{Heap before GC invocations=15 (full 0):
 garbage-first heap   total 167936K, used 95744K [0x0000000083600000, 0x0000000100000000)
  region size 1024K, 8 young (8192K), 5 survivors (5120K)
 Metaspace       used 23386K, committed 23808K, reserved 1114112K
  class space    used 2357K, committed 2560K, reserved 1048576K
}
Event: 7.464 GC heap after
{Heap after GC invocations=16 (full 0):
 garbage-first heap   total 167936K, used 93696K [0x0000000083600000, 0x0000000100000000)
  region size 1024K, 1 young (1024K), 1 survivors (1024K)
 Metaspace       used 23386K, committed 23808K, reserved 1114112K
  class space    used 2357K, committed 2560K, reserved 1048576K
}
Event: 7.826 GC heap before
{Heap before GC invocations=16 (full 0):
 garbage-first heap   total 167936K, used 109056K [0x0000000083600000, 0x0000000100000000)
  region size 1024K, 17 young (17408K), 1 survivors (1024K)
 Metaspace       used 23871K, committed 24192K, reserved 1114112K
  class space    used 2410K, committed 2560K, reserved 1048576K
}

Deoptimization events (20 events):
Event: 7.775 Thread 0x00000281182d23f0 Uncommon trap: trap_request=0xffffffed fr.pc=0x000002812a26f341 relative=0x0000000000000541
Event: 7.775 Thread 0x00000281182d23f0 Uncommon trap: reason=null_assert_or_unreached0 action=reinterpret pc=0x000002812a26f341 method=java.util.Properties.loadConvert([CIILjava/lang/StringBuilder;)Ljava/lang/String; @ 8 jvmci
Event: 7.775 Thread 0x00000281182d23f0 DEOPT PACKING pc=0x000002812a26f341 sp=0x000000a38ccfc9d0
Event: 7.775 Thread 0x00000281182d23f0 DEOPT UNPACKING pc=0x0000028129a66bc5 sp=0x000000a38ccfbe28 mode 3
Event: 7.785 Thread 0x00000281182d23f0 DEOPT PACKING pc=0x000002812330df30 sp=0x000000a38ccfc490
Event: 7.785 Thread 0x00000281182d23f0 DEOPT UNPACKING pc=0x0000028129a66bc5 sp=0x000000a38ccfb938 mode 0
Event: 7.785 Thread 0x00000281182d23f0 DEOPT PACKING pc=0x000002812330c524 sp=0x000000a38ccfc420
Event: 7.785 Thread 0x00000281182d23f0 DEOPT UNPACKING pc=0x0000028129a66bc5 sp=0x000000a38ccfb898 mode 0
Event: 7.785 Thread 0x00000281182d23f0 DEOPT PACKING pc=0x000002812330c9df sp=0x000000a38ccfc420
Event: 7.785 Thread 0x00000281182d23f0 DEOPT UNPACKING pc=0x0000028129a66bc5 sp=0x000000a38ccfb898 mode 0
Event: 7.785 Thread 0x00000281182d23f0 DEOPT PACKING pc=0x000002812330cf95 sp=0x000000a38ccfc480
Event: 7.785 Thread 0x00000281182d23f0 DEOPT UNPACKING pc=0x0000028129a66bc5 sp=0x000000a38ccfb938 mode 0
Event: 7.804 Thread 0x00000281182d23f0 DEOPT PACKING pc=0x000002812330d99e sp=0x000000a38ccfc350
Event: 7.804 Thread 0x00000281182d23f0 DEOPT UNPACKING pc=0x0000028129a66bc5 sp=0x000000a38ccfb7d0 mode 0
Event: 7.804 Thread 0x00000281182d23f0 DEOPT PACKING pc=0x000002812330d4be sp=0x000000a38ccfc350
Event: 7.804 Thread 0x00000281182d23f0 DEOPT UNPACKING pc=0x0000028129a66bc5 sp=0x000000a38ccfb7e8 mode 0
Event: 7.818 Thread 0x00000281182d23f0 Uncommon trap: trap_request=0xffffffed fr.pc=0x000002812a27050b relative=0x0000000000000a6b
Event: 7.818 Thread 0x00000281182d23f0 Uncommon trap: reason=null_assert_or_unreached0 action=reinterpret pc=0x000002812a27050b method=java.util.Properties$LineReader.readLine()I @ 115 jvmci
Event: 7.818 Thread 0x00000281182d23f0 DEOPT PACKING pc=0x000002812a27050b sp=0x000000a38ccfc860
Event: 7.818 Thread 0x00000281182d23f0 DEOPT UNPACKING pc=0x0000028129a66bc5 sp=0x000000a38ccfbcf0 mode 3

Classes unloaded (16 events):
Event: 7.325 Thread 0x0000028138cbfee0 Unloading class 0x000002813a268530 'org/apache/commons/cli/Util'
Event: 7.325 Thread 0x0000028138cbfee0 Unloading class 0x000002813a268260 'org/apache/commons/cli/CommandLine'
Event: 7.325 Thread 0x0000028138cbfee0 Unloading class 0x000002813a268000 'org/apache/commons/cli/MissingOptionException'
Event: 7.325 Thread 0x0000028138cbfee0 Unloading class 0x000002813a263d78 'org/apache/commons/cli/UnrecognizedOptionException'
Event: 7.325 Thread 0x0000028138cbfee0 Unloading class 0x000002813a263b18 'org/apache/commons/cli/MissingArgumentException'
Event: 7.325 Thread 0x0000028138cbfee0 Unloading class 0x000002813a263890 'org/apache/commons/cli/GnuParser'
Event: 7.325 Thread 0x0000028138cbfee0 Unloading class 0x000002813a263608 'org/apache/commons/cli/Parser'
Event: 7.325 Thread 0x0000028138cbfee0 Unloading class 0x000002813a263408 'org/apache/maven/cli/CleanArgument'
Event: 7.325 Thread 0x0000028138cbfee0 Unloading class 0x000002813a263208 'org/apache/commons/cli/OptionValidator'
Event: 7.325 Thread 0x0000028138cbfee0 Unloading class 0x000002813a263000 'org/apache/commons/cli/Option$Builder'
Event: 7.325 Thread 0x0000028138cbfee0 Unloading class 0x000002813a262af0 'org/apache/commons/cli/Option'
Event: 7.325 Thread 0x0000028138cbfee0 Unloading class 0x000002813a262868 'org/apache/commons/cli/Options'
Event: 7.325 Thread 0x0000028138cbfee0 Unloading class 0x000002813a262670 'org/apache/commons/cli/CommandLineParser'
Event: 7.325 Thread 0x0000028138cbfee0 Unloading class 0x000002813a262458 'org/apache/maven/cli/CLIManager'
Event: 7.325 Thread 0x0000028138cbfee0 Unloading class 0x000002813a262200 'org/apache/commons/cli/ParseException'
Event: 7.325 Thread 0x0000028138cbfee0 Unloading class 0x000002813a262000 'io/quarkus/bootstrap/resolver/maven/options/BootstrapMavenOptionsParser'

Classes redefined (0 events):
No events

Internal exceptions (20 events):
Event: 6.216 Thread 0x00000281182d23f0 Exception <a 'java/lang/NoSuchMethodError'{0x000000008a8c86c0}: 'java.lang.Object java.lang.invoke.DirectMethodHandle$Holder.newInvokeSpecial(java.lang.Object, java.lang.Object, java.lang.Object, java.lang.Object, java.lang.Object, java.lang.Object, java.lang.Object)'> (0x000000008a8c86c0) 
thrown [s\open\src\hotspot\share\interpreter\linkResolver.cpp, line 759]
Event: 6.216 Thread 0x00000281182d23f0 Implicit null exception at 0x000002812a12c83a to 0x000002812a12d20e
Event: 6.312 Thread 0x00000281182d23f0 Exception <a 'java/lang/NoSuchMethodError'{0x000000008a087d18}: 'java.lang.Object java.lang.invoke.DirectMethodHandle$Holder.invokeVirtual(java.lang.Object, java.lang.Object, java.lang.Object)'> (0x000000008a087d18) 
thrown [s\open\src\hotspot\share\interpreter\linkResolver.cpp, line 759]
Event: 6.312 Thread 0x00000281182d23f0 Exception <a 'java/lang/NoSuchMethodError'{0x000000008a08f4c8}: 'void java.lang.invoke.DirectMethodHandle$Holder.invokeSpecial(java.lang.Object, java.lang.Object, java.lang.Object, java.lang.Object, java.lang.Object, java.lang.Object)'> (0x000000008a08f4c8) 
thrown [s\open\src\hotspot\share\interpreter\linkResolver.cpp, line 759]
Event: 6.313 Thread 0x00000281182d23f0 Exception <a 'java/lang/NoSuchMethodError'{0x000000008a09ae78}: 'int java.lang.invoke.DirectMethodHandle$Holder.invokeVirtual(java.lang.Object, java.lang.Object)'> (0x000000008a09ae78) 
thrown [s\open\src\hotspot\share\interpreter\linkResolver.cpp, line 759]
Event: 6.394 Thread 0x00000281182d23f0 Exception <a 'java/lang/NoSuchMethodError'{0x000000008cc7d5d0}: 'java.lang.Object java.lang.invoke.DirectMethodHandle$Holder.invokeInterface(java.lang.Object, java.lang.Object, java.lang.Object)'> (0x000000008cc7d5d0) 
thrown [s\open\src\hotspot\share\interpreter\linkResolver.cpp, line 759]
Event: 6.458 Thread 0x00000281182d23f0 Exception <a 'java/lang/NoSuchMethodError'{0x000000008cbd8fa8}: 'java.lang.Object java.lang.invoke.DirectMethodHandle$Holder.invokeStaticInit(java.lang.Object, java.lang.Object, int, int, int, int)'> (0x000000008cbd8fa8) 
thrown [s\open\src\hotspot\share\interpreter\linkResolver.cpp, line 759]
Event: 6.461 Thread 0x00000281182d23f0 Exception <a 'sun/nio/fs/WindowsException'{0x000000008cbe0bf8}> (0x000000008cbe0bf8) 
thrown [s\open\src\hotspot\share\prims\jni.cpp, line 516]
Event: 6.461 Thread 0x00000281182d23f0 Exception <a 'sun/nio/fs/WindowsException'{0x000000008cbe0e18}> (0x000000008cbe0e18) 
thrown [s\open\src\hotspot\share\prims\jni.cpp, line 516]
Event: 6.463 Thread 0x00000281182d23f0 Exception <a 'java/lang/NoSuchMethodError'{0x000000008cbfb598}: 'int java.lang.invoke.DirectMethodHandle$Holder.invokeStatic(java.lang.Object, java.lang.Object, java.lang.Object, int)'> (0x000000008cbfb598) 
thrown [s\open\src\hotspot\share\interpreter\linkResolver.cpp, line 759]
Event: 6.463 Thread 0x00000281182d23f0 Exception <a 'java/lang/NoSuchMethodError'{0x000000008cbff2e8}: 'int java.lang.invoke.DirectMethodHandle$Holder.invokeStaticInit(java.lang.Object, java.lang.Object, java.lang.Object, int)'> (0x000000008cbff2e8) 
thrown [s\open\src\hotspot\share\interpreter\linkResolver.cpp, line 759]
Event: 6.509 Thread 0x00000281182d23f0 Exception <a 'java/lang/NoSuchMethodError'{0x000000008c86f668}: 'void java.lang.invoke.DirectMethodHandle$Holder.invokeInterface(java.lang.Object, java.lang.Object)'> (0x000000008c86f668) 
thrown [s\open\src\hotspot\share\interpreter\linkResolver.cpp, line 759]
Event: 6.586 Thread 0x00000281182d23f0 Exception <a 'sun/nio/fs/WindowsException'{0x000000008c519900}> (0x000000008c519900) 
thrown [s\open\src\hotspot\share\prims\jni.cpp, line 516]
Event: 6.645 Thread 0x00000281182d23f0 Exception <a 'sun/nio/fs/WindowsException'{0x000000008c348860}> (0x000000008c348860) 
thrown [s\open\src\hotspot\share\prims\jni.cpp, line 516]
Event: 6.645 Thread 0x00000281182d23f0 Exception <a 'sun/nio/fs/WindowsException'{0x000000008c348c78}> (0x000000008c348c78) 
thrown [s\open\src\hotspot\share\prims\jni.cpp, line 516]
Event: 6.645 Thread 0x00000281182d23f0 Exception <a 'sun/nio/fs/WindowsException'{0x000000008c34b050}> (0x000000008c34b050) 
thrown [s\open\src\hotspot\share\prims\jni.cpp, line 516]
Event: 6.645 Thread 0x00000281182d23f0 Exception <a 'sun/nio/fs/WindowsException'{0x000000008c34b340}> (0x000000008c34b340) 
thrown [s\open\src\hotspot\share\prims\jni.cpp, line 516]
Event: 6.645 Thread 0x00000281182d23f0 Exception <a 'sun/nio/fs/WindowsException'{0x000000008c34c1a0}> (0x000000008c34c1a0) 
thrown [s\open\src\hotspot\share\prims\jni.cpp, line 516]
Event: 6.655 Thread 0x00000281182d23f0 Implicit null exception at 0x000002812a2a6091 to 0x000002812a2a9486
Event: 7.775 Thread 0x00000281182d23f0 Implicit null exception at 0x000002812a276619 to 0x000002812a276deb

VM Operations (20 events):
Event: 7.106 Executing VM operation: G1CollectForAllocation done
Event: 7.271 Executing VM operation: G1CollectForAllocation
Event: 7.278 Executing VM operation: G1CollectForAllocation done
Event: 7.325 Executing VM operation: G1Concurrent
Event: 7.329 Executing VM operation: G1Concurrent done
Event: 7.359 Executing VM operation: G1Concurrent
Event: 7.359 Executing VM operation: G1Concurrent done
Event: 7.426 Executing VM operation: G1CollectForAllocation
Event: 7.435 Executing VM operation: G1CollectForAllocation done
Event: 7.459 Executing VM operation: G1CollectForAllocation
Event: 7.464 Executing VM operation: G1CollectForAllocation done
Event: 7.745 Executing VM operation: HandshakeAllThreads
Event: 7.745 Executing VM operation: HandshakeAllThreads done
Event: 7.756 Executing VM operation: HandshakeAllThreads
Event: 7.756 Executing VM operation: HandshakeAllThreads done
Event: 7.759 Executing VM operation: HandshakeAllThreads
Event: 7.759 Executing VM operation: HandshakeAllThreads done
Event: 7.765 Executing VM operation: HandshakeAllThreads
Event: 7.765 Executing VM operation: HandshakeAllThreads done
Event: 7.826 Executing VM operation: G1TryInitiateConcMark

Events (20 events):
Event: 7.757 loading class java/nio/file/NotDirectoryException
Event: 7.757 loading class java/nio/file/NotDirectoryException done
Event: 7.757 loading class java/nio/file/DirectoryNotEmptyException
Event: 7.757 loading class java/nio/file/DirectoryNotEmptyException done
Event: 7.758 loading class java/nio/file/ClosedFileSystemException
Event: 7.758 loading class java/nio/file/ClosedFileSystemException done
Event: 7.760 loading class java/nio/file/attribute/PosixFilePermissions
Event: 7.761 loading class java/nio/file/attribute/PosixFilePermissions done
Event: 7.761 loading class java/nio/file/attribute/PosixFilePermission
Event: 7.761 loading class java/nio/file/attribute/PosixFilePermission done
Event: 7.764 loading class java/nio/file/InvalidPathException
Event: 7.765 loading class java/nio/file/InvalidPathException done
Event: 7.766 loading class java/nio/file/attribute/PosixFileAttributeView
Event: 7.766 loading class java/nio/file/attribute/FileOwnerAttributeView
Event: 7.766 loading class java/nio/file/attribute/FileOwnerAttributeView done
Event: 7.766 loading class java/nio/file/attribute/PosixFileAttributeView done
Event: 7.770 loading class java/util/regex/PatternSyntaxException
Event: 7.770 loading class java/util/regex/PatternSyntaxException done
Event: 7.771 loading class java/time/DateTimeException
Event: 7.771 loading class java/time/DateTimeException done


Dynamic libraries:
0x00007ff7ee2a0000 - 0x00007ff7ee2b0000 	C:\Program Files\Java\graalvm-jdk-17.0.8+9.1\bin\java.exe
0x00007ff9f2e80000 - 0x00007ff9f3089000 	C:\Windows\SYSTEM32\ntdll.dll
0x00007ff9f2770000 - 0x00007ff9f282d000 	C:\Windows\System32\KERNEL32.DLL
0x00007ff9f06a0000 - 0x00007ff9f0a24000 	C:\Windows\System32\KERNELBASE.dll
0x00007ff9f0310000 - 0x00007ff9f0421000 	C:\Windows\System32\ucrtbase.dll
0x00007ff9e2a10000 - 0x00007ff9e2a2b000 	C:\Program Files\Java\graalvm-jdk-17.0.8+9.1\bin\VCRUNTIME140.dll
0x00007ff9e2400000 - 0x00007ff9e2419000 	C:\Program Files\Java\graalvm-jdk-17.0.8+9.1\bin\jli.dll
0x00007ff9f0cd0000 - 0x00007ff9f0d7e000 	C:\Windows\System32\ADVAPI32.dll
0x00007ff9f1920000 - 0x00007ff9f19c3000 	C:\Windows\System32\msvcrt.dll
0x00007ff9f11c0000 - 0x00007ff9f125e000 	C:\Windows\System32\sechost.dll
0x00007ff9f2b80000 - 0x00007ff9f2ca1000 	C:\Windows\System32\RPCRT4.dll
0x00007ff9f2590000 - 0x00007ff9f273d000 	C:\Windows\System32\USER32.dll
0x00007ff9cd6a0000 - 0x00007ff9cd945000 	C:\Windows\WinSxS\amd64_microsoft.windows.common-controls_6595b64144ccf1df_6.0.22000.120_none_9d947278b86cc467\COMCTL32.dll
0x00007ff9f05f0000 - 0x00007ff9f0616000 	C:\Windows\System32\win32u.dll
0x00007ff9f2740000 - 0x00007ff9f276a000 	C:\Windows\System32\GDI32.dll
0x00007ff9f0430000 - 0x00007ff9f054e000 	C:\Windows\System32\gdi32full.dll
0x00007ff9f0550000 - 0x00007ff9f05ed000 	C:\Windows\System32\msvcp_win.dll
0x00007ff9e7940000 - 0x00007ff9e794a000 	C:\Windows\SYSTEM32\VERSION.dll
0x00007ff9f0d80000 - 0x00007ff9f0db1000 	C:\Windows\System32\IMM32.DLL
0x00007ff9e2b90000 - 0x00007ff9e2b9c000 	C:\Program Files\Java\graalvm-jdk-17.0.8+9.1\bin\vcruntime140_1.dll
0x00007ff9cc560000 - 0x00007ff9cc5ee000 	C:\Program Files\Java\graalvm-jdk-17.0.8+9.1\bin\msvcp140.dll
0x00007ff979b20000 - 0x00007ff97a6f5000 	C:\Program Files\Java\graalvm-jdk-17.0.8+9.1\bin\server\jvm.dll
0x00007ff9f2580000 - 0x00007ff9f2588000 	C:\Windows\System32\PSAPI.DLL
0x00007ff9e58c0000 - 0x00007ff9e58c9000 	C:\Windows\SYSTEM32\WSOCK32.dll
0x00007ff9e8e70000 - 0x00007ff9e8ea3000 	C:\Windows\SYSTEM32\WINMM.dll
0x00007ff9f1b10000 - 0x00007ff9f1b7f000 	C:\Windows\System32\WS2_32.dll
0x00007ff9ef3f0000 - 0x00007ff9ef408000 	C:\Windows\SYSTEM32\kernel.appcore.dll
0x00007ff9e28f0000 - 0x00007ff9e28fa000 	C:\Program Files\Java\graalvm-jdk-17.0.8+9.1\bin\jimage.dll
0x00007ff9ed780000 - 0x00007ff9ed9a1000 	C:\Windows\SYSTEM32\DBGHELP.DLL
0x00007ff9d4df0000 - 0x00007ff9d4e21000 	C:\Windows\SYSTEM32\dbgcore.DLL
0x00007ff9f0620000 - 0x00007ff9f069f000 	C:\Windows\System32\bcryptPrimitives.dll
0x00007ff9dab00000 - 0x00007ff9dab25000 	C:\Program Files\Java\graalvm-jdk-17.0.8+9.1\bin\java.dll
0x00007ff9cb240000 - 0x00007ff9cb317000 	C:\Program Files\Java\graalvm-jdk-17.0.8+9.1\bin\jsvml.dll
0x00007ff9f1b80000 - 0x00007ff9f2345000 	C:\Windows\System32\SHELL32.dll
0x00007ff9ee3b0000 - 0x00007ff9eec12000 	C:\Windows\SYSTEM32\windows.storage.dll
0x00007ff9f0e30000 - 0x00007ff9f11a6000 	C:\Windows\System32\combase.dll
0x00007ff9ee240000 - 0x00007ff9ee3a7000 	C:\Windows\SYSTEM32\wintypes.dll
0x00007ff9f2840000 - 0x00007ff9f292a000 	C:\Windows\System32\SHCORE.dll
0x00007ff9f1ab0000 - 0x00007ff9f1b0d000 	C:\Windows\System32\shlwapi.dll
0x00007ff9f0240000 - 0x00007ff9f0265000 	C:\Windows\SYSTEM32\profapi.dll
0x00007ff92ead0000 - 0x00007ff931503000 	C:\Program Files\Java\graalvm-jdk-17.0.8+9.1\bin\jvmcicompiler.dll
0x00007ff9f0a30000 - 0x00007ff9f0b92000 	C:\Windows\System32\CRYPT32.dll
0x00007ff9ef920000 - 0x00007ff9ef987000 	C:\Windows\SYSTEM32\MSWSOCK.dll
0x00007ff9efa10000 - 0x00007ff9efa3c000 	C:\Windows\SYSTEM32\USERENV.dll
0x00007ff9eee80000 - 0x00007ff9eeead000 	C:\Windows\SYSTEM32\IPHLPAPI.DLL
0x00007ff9efcb0000 - 0x00007ff9efcd8000 	C:\Windows\SYSTEM32\ncrypt.dll
0x00007ff9efc70000 - 0x00007ff9efca7000 	C:\Windows\SYSTEM32\NTASN1.dll
0x00007ff9e23e0000 - 0x00007ff9e23f9000 	C:\Program Files\Java\graalvm-jdk-17.0.8+9.1\bin\net.dll
0x00007ff9eb5b0000 - 0x00007ff9eb6c4000 	C:\Windows\SYSTEM32\WINHTTP.dll
0x00007ff9d9a00000 - 0x00007ff9d9a16000 	C:\Program Files\Java\graalvm-jdk-17.0.8+9.1\bin\nio.dll
0x00007ff9d9700000 - 0x00007ff9d9718000 	C:\Program Files\Java\graalvm-jdk-17.0.8+9.1\bin\zip.dll
0x0000000069ac0000 - 0x0000000069ae4000 	C:\Users\Acer\AppData\Local\Temp\jansi-2.4.0-b21be07d33a8d590-jansi.dll
0x00007ff9e2720000 - 0x00007ff9e2730000 	C:\Program Files\Java\graalvm-jdk-17.0.8+9.1\bin\verify.dll
0x00007ff9ef410000 - 0x00007ff9ef444000 	C:\Windows\SYSTEM32\ntmarta.dll
0x00007ff9efb60000 - 0x00007ff9efb78000 	C:\Windows\SYSTEM32\CRYPTSP.dll
0x00007ff9ef350000 - 0x00007ff9ef385000 	C:\Windows\system32\rsaenh.dll
0x00007ff9efce0000 - 0x00007ff9efd07000 	C:\Windows\SYSTEM32\bcrypt.dll
0x00007ff9efb80000 - 0x00007ff9efb8c000 	C:\Windows\SYSTEM32\CRYPTBASE.dll
0x00007ff9f2570000 - 0x00007ff9f2579000 	C:\Windows\System32\NSI.dll
0x00007ff9e8d20000 - 0x00007ff9e8d39000 	C:\Windows\SYSTEM32\dhcpcsvc6.DLL
0x00007ff9e9110000 - 0x00007ff9e912e000 	C:\Windows\SYSTEM32\dhcpcsvc.DLL
0x00007ff9eeef0000 - 0x00007ff9eefd7000 	C:\Windows\SYSTEM32\DNSAPI.dll
0x00007ff9d7900000 - 0x00007ff9d7917000 	C:\Windows\system32\napinsp.dll
0x00007ff9e2120000 - 0x00007ff9e213b000 	C:\Windows\system32\pnrpnsp.dll
0x00007ff9d5c60000 - 0x00007ff9d5c72000 	C:\Windows\System32\winrnr.dll
0x00007ff9bbe20000 - 0x00007ff9bbe35000 	C:\Windows\system32\wshbth.dll
0x00007ff9e99c0000 - 0x00007ff9e99df000 	C:\Windows\system32\nlansp_c.dll
0x00007ff9e7550000 - 0x00007ff9e755a000 	C:\Windows\System32\rasadhlp.dll
0x00007ff9e7790000 - 0x00007ff9e7811000 	C:\Windows\System32\fwpuclnt.dll

dbghelp: loaded successfully - version: 4.0.5 - missing functions: none
symbol engine: initialized successfully - sym options: 0x614 - pdb path: .;C:\Program Files\Java\graalvm-jdk-17.0.8+9.1\bin;C:\Windows\SYSTEM32;C:\Windows\WinSxS\amd64_microsoft.windows.common-controls_6595b64144ccf1df_6.0.22000.120_none_9d947278b86cc467;C:\Program Files\Java\graalvm-jdk-17.0.8+9.1\bin\server;C:\Users\Acer\AppData\Local\Temp

VM Arguments:
jvm_args: -XX:ThreadPriorityPolicy=1 -XX:+UnlockExperimentalVMOptions -XX:+EnableJVMCIProduct -XX:-UnlockExperimentalVMOptions -Dmaven.multiModuleProjectDirectory=C:\Users\Acer\Downloads\wedding\wedding 
java_command: org.apache.maven.wrapper.MavenWrapperMain compile quarkus:dev
java_class_path (initial): C:\Users\Acer\Downloads\wedding\wedding\.mvn\wrapper\maven-wrapper.jar
Launcher Type: SUN_STANDARD

[Global flags]
     intx CICompilerCount                          = 4                                         {product} {ergonomic}
     uint ConcGCThreads                            = 2                                         {product} {ergonomic}
     bool EnableJVMCIProduct                       = true                                {JVMCI product} {jimage}
     uint G1ConcRefinementThreads                  = 8                                         {product} {ergonomic}
   size_t G1HeapRegionSize                         = 1048576                                   {product} {ergonomic}
    uintx GCDrainStackTargetSize                   = 64                                        {product} {ergonomic}
   size_t InitialHeapSize                          = 132120576                                 {product} {ergonomic}
   size_t MarkStackSize                            = 4194304                                   {product} {ergonomic}
   size_t MaxHeapSize                              = 2090860544                                {product} {ergonomic}
   size_t MaxNewSize                               = 1254096896                                {product} {ergonomic}
   size_t MinHeapDeltaBytes                        = 1048576                                   {product} {ergonomic}
   size_t MinHeapSize                              = 8388608                                   {product} {ergonomic}
    uintx NonNMethodCodeHeapSize                   = 6979620                                {pd product} {ergonomic}
    uintx NonProfiledCodeHeapSize                  = 122339310                              {pd product} {ergonomic}
    uintx ProfiledCodeHeapSize                     = 122339310                              {pd product} {ergonomic}
    uintx ReservedCodeCacheSize                    = 251658240                              {pd product} {ergonomic}
     bool SegmentedCodeCache                       = true                                      {product} {ergonomic}
   size_t SoftMaxHeapSize                          = 2090860544                             {manageable} {ergonomic}
     intx ThreadPriorityPolicy                     = 1                                         {product} {jimage}
     bool UseCompressedClassPointers               = true                           {product lp64_product} {ergonomic}
     bool UseCompressedOops                        = true                           {product lp64_product} {ergonomic}
     bool UseG1GC                                  = true                                      {product} {ergonomic}
     bool UseLargePagesIndividualAllocation        = false                                  {pd product} {ergonomic}

Logging:
Log output configuration:
 #0: stdout all=warning uptime,level,tags
 #1: stderr all=off uptime,level,tags

Environment Variables:
JAVA_HOME=C:\Program Files\Java\graalvm-jdk-17.0.8+9.1
PATH=C:\Progra~1\Java\<graalvm>\bin;C:\Program Files\Common Files\Oracle\Java\javapath;C:\Windows\system32;C:\Windows;C:\Windows\System32\Wbem;C:\Windows\System32\WindowsPowerShell\v1.0\;C:\Windows\System32\OpenSSH\;C:\Program Files\Azure Data Studio\bin;C:\Program Files\Git\cmd;C:\Program Files\Docker\Docker\resources\bin;C:\Program Files\nodejs\;C:\Program Files\Java\jdk-11.0.17\bin;H:\1. Set Up File\apache-maven-3.9.2\bin;C:\Users\Acer\AppData\Local\Programs\Python\Python311\Scripts\;C:\Users\Acer\AppData\Local\Programs\Python\Python311\;C:\Users\Acer\AppData\Local\Microsoft\WindowsApps;C:\Program Files\heroku\bin;C:\Program Files\JetBrains\IntelliJ IDEA Community Edition 2022.3.3\bin;C:\Users\Acer\AppData\Roaming\npm;C:\Users\Acer\AppData\Local\Programs\Microsoft VS Code\bin;C:\Program Files\Java\graalvm-jdk-17.0.8+9.1\bin;C:\Users\Acer\AppData\Local\Programs\Python\Python311\Scripts\;C:\Users\Acer\AppData\Local\Programs\Python\Python311\;C:\Users\Acer\AppData\Local\Microsoft\WindowsApps;;C:\Program Files\Azure Data Studio\bin;C:\Program Files\heroku\bin;C:\Program Files\JetBrains\IntelliJ IDEA Community Edition 2022.3.3\bin;;C:\Users\Acer\AppData\Roaming\npm;C:\Users\Acer\AppData\Local\Programs\Microsoft VS Code\bin
USERNAME=Acer
OS=Windows_NT
PROCESSOR_IDENTIFIER=Intel64 Family 6 Model 140 Stepping 1, GenuineIntel



---------------  S Y S T E M  ---------------

OS:
 Windows 11 , 64 bit Build 22000 (10.0.22000.2538)
OS uptime: 16 days 2:22 hours
Hyper-V role detected

CPU: total 8 (initial active 8) (4 cores per cpu, 2 threads per core) family 6 model 140 stepping 1 microcode 0x8a, cx8, cmov, fxsr, ht, mmx, 3dnowpref, sse, sse2, sse3, ssse3, sse4.1, sse4.2, popcnt, lzcnt, tsc, tscinvbit, avx, avx2, aes, erms, clmul, bmi1, bmi2, adx, avx512f, avx512dq, avx512cd, avx512bw, avx512vl, sha, fma, vzeroupper, avx512_vpopcntdq, avx512_vpclmulqdq, avx512_vaes, avx512_vnni, clflush, clflushopt, clwb, avx512_vbmi2, avx512_vbmi, hv

Memory: 4k page, system-wide physical 7975M (336M free)
TotalPageFile size 32551M (AvailPageFile size 11M)
current process WorkingSet (physical memory assigned to process): 332M, peak: 333M
current process commit charge ("private bytes"): 357M, peak: 521M

vm_info: Java HotSpot(TM) 64-Bit Server VM (17.0.8+9-LTS-jvmci-23.0-b14) for windows-amd64 JRE (17.0.8+9-LTS-jvmci-23.0-b14), built on Jun 27 2023 11:33:59 by "" with MS VC++ 17.1 (VS2022)

END.
